2019-10-22 15:40:56 [ActionsPageTest.js] warn: this is add new Client Test
2019-10-22 15:49:05 [ActionsPageTest.js] warn: this is add new Client Test
2019-10-22 16:00:16 [ActionsPageTest.js] warn: this is add new Client Test
2019-10-22 16:09:10 [ClientsPageTest.js] warn: this is delete client test
2019-10-22 16:09:52 [ClientsPageTest.js] warn: this is delete client test
2019-10-22 16:11:00 [ClientsPageTest.js] warn: this is delete client test
2019-10-22 16:13:26 [ClientsPageTest.js] warn: this is delete client test
2019-10-22 16:22:08 [ActionsPageTest.js] warn: this is add new Client Test
2019-10-22 16:22:49 [ActionsPageTest.js] warn: this is add new Client Test
2019-10-22 16:28:50 [ActionsPageTest.js] warn: this is add new Client Test
2019-10-22 16:31:27 [ActionsPageTest.js] warn: this is add new Client Test
2019-10-22 16:31:37 [ActionsPageTest.js] info: Validation good
2019-10-22 16:50:05 [ActionsPageTest.js] warn: this is Update Owner Test
2019-10-22 16:50:18 [ActionsPageTest.js] info: Validation good -- Update Owner Successfuly
2019-10-22 17:02:21 [ActionsPageTest.js] warn: this is Update EMail Type Test
2019-10-22 17:02:32 [ActionsPageTest.js] info: Validation good -- Email Update Successfuly
2019-10-22 17:05:27 [ActionsPageTest.js] warn: this is Update EMail Type Test
2019-10-22 17:05:38 [ActionsPageTest.js] info: Validation good -- Email Type Update Successfuly
2019-10-22 17:07:48 [ActionsPageTest.js] warn: This is Update Sold Parameter Test
2019-10-22 17:08:01 [ActionsPageTest.js] info: Validation good -- Sold Parameter Update Successfuly
2019-10-22 17:09:27 [ActionsPageTest.js] warn: this is search and Validate test by Criteria
2019-10-22 17:13:59 [ActionsPageTest.js] warn: this is search and Validate test by Criteria
2019-10-22 17:14:07 [ActionsPageTest.js] info: There is Result by Criteria
2019-10-22 17:16:43 [ActionsPageTest.js] warn: this is search and Validate test by Criteria
2019-10-22 17:16:51 [ActionsPageTest.js] info: there is No result By Criteria
2019-10-22 17:17:44 [ActionsPageTest.js] warn: this is search and Validate test by Criteria
2019-10-22 17:17:52 [ActionsPageTest.js] info: there is No result By Criteria
2019-10-22 17:18:13 [ActionsPageTest.js] warn: this is search and Validate test by Criteria
2019-10-22 17:18:22 [ActionsPageTest.js] info: there is No result By Criteria
2019-10-22 17:19:13 [ActionsPageTest.js] warn: this is search and Validate test by Criteria
2019-10-22 17:19:22 [ActionsPageTest.js] info: there is No result By Criteria
2019-10-22 17:20:19 [ActionsPageTest.js] warn: this is search and Validate test by Criteria
2019-10-22 17:20:28 [ActionsPageTest.js] info: there is No result By Criteria
2019-10-22 17:20:49 [ActionsPageTest.js] warn: this is search and Validate test by Criteria
2019-10-22 17:23:56 [ActionsPageTest.js] info: there is result By Criteria
2019-10-22 17:25:42 [ClientsPageTest.js] warn: this is delete client test
2019-10-22 17:25:50 [ClientsPageTest.js] info: the user deleted successfully
2019-10-22 17:27:45 [ClientsPageTest.js] warn: this is Stability Test of Click Right and Left Arrow Button
2019-10-22 17:27:53 [ClientsPageTest.js] info: 2
2019-10-22 17:27:53 [ClientsPageTest.js] info: 3
2019-10-22 17:27:53 [ClientsPageTest.js] info: 2
2019-10-22 17:27:53 [ClientsPageTest.js] info: 1
2019-10-22 17:27:54 [ClientsPageTest.js] info: 2
2019-10-22 17:27:54 [ClientsPageTest.js] info: 3
2019-10-22 17:27:54 [ClientsPageTest.js] info: 2
2019-10-22 17:27:55 [ClientsPageTest.js] info: 1
2019-10-22 17:27:55 [ClientsPageTest.js] info: 2
2019-10-22 17:27:56 [ClientsPageTest.js] info: 3
2019-10-22 17:27:56 [ClientsPageTest.js] info: 2
2019-10-22 17:27:56 [ClientsPageTest.js] info: 1
2019-10-22 17:27:56 [ClientsPageTest.js] info: 2
2019-10-22 17:27:56 [ClientsPageTest.js] info: 3
2019-10-22 17:27:57 [ClientsPageTest.js] info: 2
2019-10-22 17:27:57 [ClientsPageTest.js] info: 1
2019-10-22 17:27:57 [ClientsPageTest.js] info: 2
2019-10-22 17:27:57 [ClientsPageTest.js] info: 3
2019-10-22 17:27:57 [ClientsPageTest.js] info: 2
2019-10-22 17:27:57 [ClientsPageTest.js] info: 1
2019-10-22 17:27:58 [ClientsPageTest.js] info: 2
2019-10-22 17:27:58 [ClientsPageTest.js] info: 3
2019-10-22 17:27:58 [ClientsPageTest.js] info: 2
2019-10-22 17:27:59 [ClientsPageTest.js] info: 1
2019-10-22 17:27:59 [ClientsPageTest.js] info: 2
2019-10-22 17:27:59 [ClientsPageTest.js] info: 3
2019-10-22 17:27:59 [ClientsPageTest.js] info: 2
2019-10-22 17:28:00 [ClientsPageTest.js] info: 1
2019-10-22 17:28:00 [ClientsPageTest.js] info: 2
2019-10-22 17:28:00 [ClientsPageTest.js] info: 3
2019-10-22 17:28:00 [ClientsPageTest.js] info: 2
2019-10-22 17:28:01 [ClientsPageTest.js] info: 1
2019-10-22 17:28:01 [ClientsPageTest.js] info: 2
2019-10-22 17:28:01 [ClientsPageTest.js] info: 3
2019-10-22 17:28:02 [ClientsPageTest.js] info: 2
2019-10-22 17:28:02 [ClientsPageTest.js] info: 1
2019-10-22 17:28:02 [ClientsPageTest.js] info: 2
2019-10-22 17:28:03 [ClientsPageTest.js] info: 3
2019-10-22 17:28:03 [ClientsPageTest.js] info: 2
2019-10-22 17:28:03 [ClientsPageTest.js] info: 1
2019-10-22 17:29:49 [ClientsPageTest.js] warn: this is Update Client Test
2019-10-22 17:29:58 [ClientsPageTest.js] info: the user update successfully
2019-10-22 17:31:07 [ClientsPageTest.js] warn: This is Close Button Test
2019-10-22 17:31:16 [ClientsPageTest.js] info: Close Button Exist and i want to check if he disappear when i press on him
2019-10-22 17:34:11 [ClientsPageTest.js] warn: This is Close Button Test
2019-10-22 17:34:20 [ClientsPageTest.js] info: Close Button Exist and i want to check if he disappear when i press on him
2019-10-22 17:34:20 [ClientsPageTest.js] info: Close Button Exist -- Test Fail
2019-10-22 17:40:23 [ClientsPageTest.js] warn: This is Close Button Test
2019-10-22 17:40:32 [ClientsPageTest.js] info: Close Button Exist and i want to check if he disappear when i press on him
2019-10-22 17:40:32 [ClientsPageTest.js] warn: Close Button Not Exist -- Test Pass
2019-10-22 17:41:07 [ClientsPageTest.js] warn: This is Close Button Test
2019-10-22 17:41:16 [ClientsPageTest.js] info: Close Button Exist and i want to check if he disappear when i press on him
2019-10-22 17:41:16 [ClientsPageTest.js] warn: Close Button Not Exist -- Test Pass
2019-10-22 17:41:34 [ClientsPageTest.js] warn: This is Close Button Test
2019-10-22 17:41:43 [ClientsPageTest.js] info: Close Button Exist and i want to check if he disappear when i press on him
2019-10-22 17:41:43 [ClientsPageTest.js] warn: Close Button Not Exist -- Test Pass
2019-10-22 22:04:42 [AnalyticsTest.js] warn: this is Test that Verify that color is Change after Press on Color Button
2019-10-22 22:05:00 [AnalyticsTest.js] info: this is correct color - green
2019-10-22 22:07:44 [AnalyticsTest.js] warn: this is Test to check Analytics Outstanding Clients Param
2019-10-22 22:08:10 [AnalyticsTest.js] info: 1
2019-10-22 22:08:10 [AnalyticsTest.js] info: 2
2019-10-22 22:08:11 [AnalyticsTest.js] info: 3
2019-10-22 22:08:11 [AnalyticsTest.js] info: 4
2019-10-22 22:08:11 [AnalyticsTest.js] info: 5
2019-10-22 22:08:11 [AnalyticsTest.js] info: 6
2019-10-22 22:08:11 [AnalyticsTest.js] info: 7
2019-10-22 22:08:11 [AnalyticsTest.js] info: 8
2019-10-22 22:08:11 [AnalyticsTest.js] info: 9
2019-10-22 22:08:11 [AnalyticsTest.js] info: 10
2019-10-22 22:08:12 [AnalyticsTest.js] info: 11
2019-10-22 22:08:12 [AnalyticsTest.js] info: 12
2019-10-22 22:08:12 [AnalyticsTest.js] info: 13
2019-10-22 22:08:12 [AnalyticsTest.js] info: 14
2019-10-22 22:08:12 [AnalyticsTest.js] info: 15
2019-10-22 22:08:13 [AnalyticsTest.js] info: 16
2019-10-22 22:08:13 [AnalyticsTest.js] info: 17
2019-10-22 22:08:13 [AnalyticsTest.js] info: 18
2019-10-22 22:08:13 [AnalyticsTest.js] info: 19
2019-10-22 22:08:13 [AnalyticsTest.js] info: 20
2019-10-22 22:08:13 [AnalyticsTest.js] info: 21
2019-10-22 22:08:13 [AnalyticsTest.js] info: 22
2019-10-22 22:08:13 [AnalyticsTest.js] info: 23
2019-10-22 22:08:13 [AnalyticsTest.js] info: 24
2019-10-22 22:08:13 [AnalyticsTest.js] info: 25
2019-10-22 22:08:14 [AnalyticsTest.js] info: 26
2019-10-22 22:08:14 [AnalyticsTest.js] info: 27
2019-10-22 22:08:14 [AnalyticsTest.js] info: 28
2019-10-22 22:08:14 [AnalyticsTest.js] info: 29
2019-10-22 22:08:14 [AnalyticsTest.js] info: 30
2019-10-22 22:08:15 [AnalyticsTest.js] info: 31
2019-10-22 22:08:15 [AnalyticsTest.js] info: 32
2019-10-22 22:08:15 [AnalyticsTest.js] info: 33
2019-10-22 22:08:15 [AnalyticsTest.js] info: 34
2019-10-22 22:08:15 [AnalyticsTest.js] info: 35
2019-10-22 22:08:15 [AnalyticsTest.js] info: 36
2019-10-22 22:08:15 [AnalyticsTest.js] info: 37
2019-10-22 22:08:15 [AnalyticsTest.js] info: 38
2019-10-22 22:08:15 [AnalyticsTest.js] info: 39
2019-10-22 22:08:16 [AnalyticsTest.js] info: 40
2019-10-22 22:08:16 [AnalyticsTest.js] info: 41
2019-10-22 22:08:16 [AnalyticsTest.js] info: 42
2019-10-22 22:08:16 [AnalyticsTest.js] info: 43
2019-10-22 22:08:16 [AnalyticsTest.js] info: 44
2019-10-22 22:08:16 [AnalyticsTest.js] info: 45
2019-10-22 22:08:17 [AnalyticsTest.js] info: 46
2019-10-22 22:08:17 [AnalyticsTest.js] info: 47
2019-10-22 22:08:17 [AnalyticsTest.js] info: 48
2019-10-22 22:08:17 [AnalyticsTest.js] info: 49
2019-10-22 22:08:17 [AnalyticsTest.js] info: 50
2019-10-22 22:08:17 [AnalyticsTest.js] info: 51
2019-10-22 22:08:17 [AnalyticsTest.js] info: 52
2019-10-22 22:08:18 [AnalyticsTest.js] info: 53
2019-10-22 22:08:18 [AnalyticsTest.js] info: 54
2019-10-22 22:08:18 [AnalyticsTest.js] info: 55
2019-10-22 22:08:18 [AnalyticsTest.js] info: 56
2019-10-22 22:08:18 [AnalyticsTest.js] info: 57
2019-10-22 22:08:18 [AnalyticsTest.js] info: 58
2019-10-22 22:08:18 [AnalyticsTest.js] info: 59
2019-10-22 22:08:18 [AnalyticsTest.js] info: 60
2019-10-22 22:08:18 [AnalyticsTest.js] info: 61
2019-10-22 22:08:18 [AnalyticsTest.js] info: 62
2019-10-22 22:08:19 [AnalyticsTest.js] info: 63
2019-10-22 22:08:19 [AnalyticsTest.js] info: 64
2019-10-22 22:08:19 [AnalyticsTest.js] info: 65
2019-10-22 22:08:19 [AnalyticsTest.js] info: 66
2019-10-22 22:08:19 [AnalyticsTest.js] info: 67
2019-10-22 22:08:19 [AnalyticsTest.js] info: 68
2019-10-22 22:08:20 [AnalyticsTest.js] info: 69
2019-10-22 22:08:20 [AnalyticsTest.js] info: 70
2019-10-22 22:08:20 [AnalyticsTest.js] info: 71
2019-10-22 22:08:20 [AnalyticsTest.js] info: 72
2019-10-22 22:08:20 [AnalyticsTest.js] info: 73
2019-10-22 22:08:20 [AnalyticsTest.js] info: 74
2019-10-22 22:08:20 [AnalyticsTest.js] info: 75
2019-10-22 22:08:20 [AnalyticsTest.js] info: 76
2019-10-22 22:08:20 [AnalyticsTest.js] info: 77
2019-10-22 22:08:20 [AnalyticsTest.js] info: 78
2019-10-22 22:08:21 [AnalyticsTest.js] info: 79
2019-10-22 22:08:21 [AnalyticsTest.js] info: 80
2019-10-22 22:08:21 [AnalyticsTest.js] info: 81
2019-10-22 22:08:21 [AnalyticsTest.js] info: 82
2019-10-22 22:08:21 [AnalyticsTest.js] info: 83
2019-10-22 22:08:21 [AnalyticsTest.js] info: 84
2019-10-22 22:08:21 [AnalyticsTest.js] info: 85
2019-10-22 22:08:22 [AnalyticsTest.js] info: 86
2019-10-22 22:08:22 [AnalyticsTest.js] info: 87
2019-10-22 22:08:22 [AnalyticsTest.js] info: 88
2019-10-22 22:08:22 [AnalyticsTest.js] info: 89
2019-10-22 22:08:22 [AnalyticsTest.js] info: 90
2019-10-22 22:08:22 [AnalyticsTest.js] info: 91
2019-10-22 22:08:23 [AnalyticsTest.js] info: 92
2019-10-22 22:08:23 [AnalyticsTest.js] info: 93
2019-10-22 22:08:23 [AnalyticsTest.js] info: 94
2019-10-22 22:08:23 [AnalyticsTest.js] info: 95
2019-10-22 22:08:23 [AnalyticsTest.js] info: 96
2019-10-22 22:08:23 [AnalyticsTest.js] info: 97
2019-10-22 22:08:23 [AnalyticsTest.js] info: 98
2019-10-22 22:08:23 [AnalyticsTest.js] info: 99
2019-10-22 22:08:23 [AnalyticsTest.js] info: 100
2019-10-22 22:08:23 [AnalyticsTest.js] info: 101
2019-10-22 22:08:24 [AnalyticsTest.js] info: 102
2019-10-22 22:08:24 [AnalyticsTest.js] info: 103
2019-10-22 22:08:24 [AnalyticsTest.js] info: 104
2019-10-22 22:08:24 [AnalyticsTest.js] info: 105
2019-10-22 22:08:24 [AnalyticsTest.js] info: 106
2019-10-22 22:08:24 [AnalyticsTest.js] info: 107
2019-10-22 22:08:24 [AnalyticsTest.js] info: 108
2019-10-22 22:08:24 [AnalyticsTest.js] info: 109
2019-10-22 22:08:25 [AnalyticsTest.js] info: 110
2019-10-22 22:08:25 [AnalyticsTest.js] info: 111
2019-10-22 22:08:25 [AnalyticsTest.js] info: 112
2019-10-22 22:08:25 [AnalyticsTest.js] info: 113
2019-10-22 22:08:25 [AnalyticsTest.js] info: 114
2019-10-22 22:08:25 [AnalyticsTest.js] info: 115
2019-10-22 22:08:25 [AnalyticsTest.js] info: 116
2019-10-22 22:08:25 [AnalyticsTest.js] info: 117
2019-10-22 22:08:25 [AnalyticsTest.js] info: 118
2019-10-22 22:08:26 [AnalyticsTest.js] info: 119
2019-10-22 22:08:26 [AnalyticsTest.js] info: 120
2019-10-22 22:08:26 [AnalyticsTest.js] info: 121
2019-10-22 22:08:26 [AnalyticsTest.js] info: 122
2019-10-22 22:08:26 [AnalyticsTest.js] info: 123
2019-10-22 22:08:26 [AnalyticsTest.js] info: 124
2019-10-22 22:08:26 [AnalyticsTest.js] info: 125
2019-10-22 22:08:26 [AnalyticsTest.js] info: 126
2019-10-22 22:08:26 [AnalyticsTest.js] info: 127
2019-10-22 22:08:26 [AnalyticsTest.js] info: 128
2019-10-22 22:08:26 [AnalyticsTest.js] info: 129
2019-10-22 22:08:26 [AnalyticsTest.js] info: 130
2019-10-22 22:08:27 [AnalyticsTest.js] info: 131
2019-10-22 22:08:27 [AnalyticsTest.js] info: 132
2019-10-22 22:08:27 [AnalyticsTest.js] info: 133
2019-10-22 22:08:27 [AnalyticsTest.js] info: 134
2019-10-22 22:08:27 [AnalyticsTest.js] info: 135
2019-10-22 22:08:27 [AnalyticsTest.js] info: 136
2019-10-22 22:08:27 [AnalyticsTest.js] info: 137
2019-10-22 22:08:27 [AnalyticsTest.js] info: 138
2019-10-22 22:08:27 [AnalyticsTest.js] info: 139
2019-10-22 22:08:28 [AnalyticsTest.js] info: 140
2019-10-22 22:08:28 [AnalyticsTest.js] info: 141
2019-10-22 22:08:28 [AnalyticsTest.js] info: 142
2019-10-22 22:08:28 [AnalyticsTest.js] info: 143
2019-10-22 22:08:28 [AnalyticsTest.js] info: 144
2019-10-22 22:08:28 [AnalyticsTest.js] info: 145
2019-10-22 22:08:28 [AnalyticsTest.js] info: 146
2019-10-22 22:08:28 [AnalyticsTest.js] info: 147
2019-10-22 22:08:29 [AnalyticsTest.js] info: 148
2019-10-22 22:08:29 [AnalyticsTest.js] info: 149
2019-10-22 22:08:29 [AnalyticsTest.js] info: 150
2019-10-22 22:08:29 [AnalyticsTest.js] info: 151
2019-10-22 22:08:29 [AnalyticsTest.js] info: 152
2019-10-22 22:08:29 [AnalyticsTest.js] info: 153
2019-10-22 22:08:29 [AnalyticsTest.js] info: 154
2019-10-22 22:08:29 [AnalyticsTest.js] info: 155
2019-10-22 22:08:29 [AnalyticsTest.js] info: 156
2019-10-22 22:08:30 [AnalyticsTest.js] info: 157
2019-10-22 22:08:30 [AnalyticsTest.js] info: 158
2019-10-22 22:08:30 [AnalyticsTest.js] info: 159
2019-10-22 22:08:30 [AnalyticsTest.js] info: 160
2019-10-22 22:08:30 [AnalyticsTest.js] info: 161
2019-10-22 22:08:30 [AnalyticsTest.js] info: 162
2019-10-22 22:08:30 [AnalyticsTest.js] info: 163
2019-10-22 22:08:31 [AnalyticsTest.js] info: 164
2019-10-22 22:08:31 [AnalyticsTest.js] info: 165
2019-10-22 22:08:31 [AnalyticsTest.js] info: 166
2019-10-22 22:08:31 [AnalyticsTest.js] info: 167
2019-10-22 22:08:31 [AnalyticsTest.js] info: 168
2019-10-22 22:08:31 [AnalyticsTest.js] info: 169
2019-10-22 22:08:32 [AnalyticsTest.js] info: 170
2019-10-22 22:08:32 [AnalyticsTest.js] info: 171
2019-10-22 22:08:32 [AnalyticsTest.js] info: 172
2019-10-22 22:08:32 [AnalyticsTest.js] info: 173
2019-10-22 22:08:32 [AnalyticsTest.js] info: 174
2019-10-22 22:08:32 [AnalyticsTest.js] info: 175
2019-10-22 22:08:32 [AnalyticsTest.js] info: 176
2019-10-22 22:08:32 [AnalyticsTest.js] info: 177
2019-10-22 22:08:32 [AnalyticsTest.js] info: 178
2019-10-22 22:08:32 [AnalyticsTest.js] info: 179
2019-10-22 22:08:33 [AnalyticsTest.js] info: 180
2019-10-22 22:08:33 [AnalyticsTest.js] info: 181
2019-10-22 22:08:33 [AnalyticsTest.js] info: 182
2019-10-22 22:08:33 [AnalyticsTest.js] info: 183
2019-10-22 22:08:33 [AnalyticsTest.js] info: 184
2019-10-22 22:08:33 [AnalyticsTest.js] info: 185
2019-10-22 22:08:33 [AnalyticsTest.js] info: 186
2019-10-22 22:08:33 [AnalyticsTest.js] info: 187
2019-10-22 22:08:33 [AnalyticsTest.js] info: 188
2019-10-22 22:08:33 [AnalyticsTest.js] info: 189
2019-10-22 22:08:34 [AnalyticsTest.js] info: 190
2019-10-22 22:08:34 [AnalyticsTest.js] info: 191
2019-10-22 22:08:34 [AnalyticsTest.js] info: 192
2019-10-22 22:08:34 [AnalyticsTest.js] info: 193
2019-10-22 22:08:34 [AnalyticsTest.js] info: 194
2019-10-22 22:08:34 [AnalyticsTest.js] info: 195
2019-10-22 22:08:34 [AnalyticsTest.js] info: 196
2019-10-22 22:08:34 [AnalyticsTest.js] info: 197
2019-10-22 22:08:34 [AnalyticsTest.js] info: 198
2019-10-22 22:08:34 [AnalyticsTest.js] info: 199
2019-10-22 22:08:34 [AnalyticsTest.js] info: 200
2019-10-22 22:08:34 [AnalyticsTest.js] info: 201
2019-10-22 22:08:34 [AnalyticsTest.js] info: 202
2019-10-22 22:08:34 [AnalyticsTest.js] info: 203
2019-10-22 22:08:34 [AnalyticsTest.js] info: 204
2019-10-22 22:08:34 [AnalyticsTest.js] info: 205
2019-10-22 22:08:34 [AnalyticsTest.js] info: 206
2019-10-22 22:08:34 [AnalyticsTest.js] info: 207
2019-10-22 22:08:35 [AnalyticsTest.js] info: 208
2019-10-22 22:08:35 [AnalyticsTest.js] info: 209
2019-10-22 22:08:35 [AnalyticsTest.js] info: 210
2019-10-22 22:08:35 [AnalyticsTest.js] info: 211
2019-10-22 22:08:35 [AnalyticsTest.js] info: 212
2019-10-22 22:08:35 [AnalyticsTest.js] info: 213
2019-10-22 22:08:35 [AnalyticsTest.js] info: 214
2019-10-22 22:08:35 [AnalyticsTest.js] info: 215
2019-10-22 22:08:35 [AnalyticsTest.js] info: 216
2019-10-22 22:08:35 [AnalyticsTest.js] info: 217
2019-10-22 22:08:35 [AnalyticsTest.js] info: 218
2019-10-22 22:08:36 [AnalyticsTest.js] info: 219
2019-10-22 22:08:36 [AnalyticsTest.js] info: 220
2019-10-22 22:08:36 [AnalyticsTest.js] info: 221
2019-10-22 22:08:36 [AnalyticsTest.js] info: 222
2019-10-22 22:08:36 [AnalyticsTest.js] info: 223
2019-10-22 22:08:36 [AnalyticsTest.js] info: 224
2019-10-22 22:08:36 [AnalyticsTest.js] info: 225
2019-10-22 22:08:36 [AnalyticsTest.js] info: 226
2019-10-22 22:08:36 [AnalyticsTest.js] info: 227
2019-10-22 22:08:37 [AnalyticsTest.js] info: 228
2019-10-22 22:08:37 [AnalyticsTest.js] info: 229
2019-10-22 22:08:37 [AnalyticsTest.js] info: 230
2019-10-22 22:08:37 [AnalyticsTest.js] info: 231
2019-10-22 22:08:37 [AnalyticsTest.js] info: 232
2019-10-22 22:08:37 [AnalyticsTest.js] info: 233
2019-10-22 22:08:37 [AnalyticsTest.js] info: 234
2019-10-22 22:08:37 [AnalyticsTest.js] info: 235
2019-10-22 22:08:37 [AnalyticsTest.js] info: 236
2019-10-22 22:08:38 [AnalyticsTest.js] info: 237
2019-10-22 22:08:38 [AnalyticsTest.js] info: 238
2019-10-22 22:08:38 [AnalyticsTest.js] info: 239
2019-10-22 22:08:38 [AnalyticsTest.js] info: 240
2019-10-22 22:08:38 [AnalyticsTest.js] info: 241
2019-10-22 22:08:38 [AnalyticsTest.js] info: 242
2019-10-22 22:08:38 [AnalyticsTest.js] info: 243
2019-10-22 22:08:38 [AnalyticsTest.js] info: 244
2019-10-22 22:08:38 [AnalyticsTest.js] info: 245
2019-10-22 22:08:38 [AnalyticsTest.js] info: 246
2019-10-22 22:08:38 [AnalyticsTest.js] info: 247
2019-10-22 22:08:39 [AnalyticsTest.js] info: 248
2019-10-22 22:08:39 [AnalyticsTest.js] info: 249
2019-10-22 22:08:39 [AnalyticsTest.js] info: 250
2019-10-22 22:08:39 [AnalyticsTest.js] info: 251
2019-10-22 22:08:39 [AnalyticsTest.js] info: 252
2019-10-22 22:08:39 [AnalyticsTest.js] info: 253
2019-10-22 22:08:39 [AnalyticsTest.js] info: 254
2019-10-22 22:08:39 [AnalyticsTest.js] info: 255
2019-10-22 22:08:39 [AnalyticsTest.js] info: 256
2019-10-22 22:08:39 [AnalyticsTest.js] info: 257
2019-10-22 22:08:40 [AnalyticsTest.js] info: 258
2019-10-22 22:08:40 [AnalyticsTest.js] info: 259
2019-10-22 22:08:40 [AnalyticsTest.js] info: 260
2019-10-22 22:08:40 [AnalyticsTest.js] info: 261
2019-10-22 22:08:40 [AnalyticsTest.js] info: 262
2019-10-22 22:08:40 [AnalyticsTest.js] info: 263
2019-10-22 22:08:40 [AnalyticsTest.js] info: 264
2019-10-22 22:08:40 [AnalyticsTest.js] info: 265
2019-10-22 22:08:41 [AnalyticsTest.js] info: 266
2019-10-22 22:08:41 [AnalyticsTest.js] info: 267
2019-10-22 22:08:41 [AnalyticsTest.js] info: 268
2019-10-22 22:08:41 [AnalyticsTest.js] info: 269
2019-10-22 22:08:41 [AnalyticsTest.js] info: 270
2019-10-22 22:08:41 [AnalyticsTest.js] info: 271
2019-10-22 22:08:41 [AnalyticsTest.js] info: 272
2019-10-22 22:08:41 [AnalyticsTest.js] info: 273
2019-10-22 22:08:41 [AnalyticsTest.js] info: 274
2019-10-22 22:08:42 [AnalyticsTest.js] info: 275
2019-10-22 22:08:42 [AnalyticsTest.js] info: 276
2019-10-22 22:08:42 [AnalyticsTest.js] info: 277
2019-10-22 22:08:42 [AnalyticsTest.js] info: 278
2019-10-22 22:08:42 [AnalyticsTest.js] info: 279
2019-10-22 22:08:42 [AnalyticsTest.js] info: 280
2019-10-22 22:08:42 [AnalyticsTest.js] info: 281
2019-10-22 22:08:42 [AnalyticsTest.js] info: 282
2019-10-22 22:08:42 [AnalyticsTest.js] info: 283
2019-10-22 22:08:42 [AnalyticsTest.js] info: 284
2019-10-22 22:08:42 [AnalyticsTest.js] info: 285
2019-10-22 22:08:42 [AnalyticsTest.js] info: 286
2019-10-22 22:08:43 [AnalyticsTest.js] info: 287
2019-10-22 22:08:43 [AnalyticsTest.js] info: 288
2019-10-22 22:08:43 [AnalyticsTest.js] info: 289
2019-10-22 22:08:43 [AnalyticsTest.js] info: 290
2019-10-22 22:08:43 [AnalyticsTest.js] info: 291
2019-10-22 22:08:43 [AnalyticsTest.js] info: 292
2019-10-22 22:08:43 [AnalyticsTest.js] info: 293
2019-10-22 22:08:43 [AnalyticsTest.js] info: 294
2019-10-22 22:08:43 [AnalyticsTest.js] info: 295
2019-10-22 22:08:43 [AnalyticsTest.js] info: 296
2019-10-22 22:08:44 [AnalyticsTest.js] info: 297
2019-10-22 22:08:44 [AnalyticsTest.js] info: 298
2019-10-22 22:08:44 [AnalyticsTest.js] info: 299
2019-10-22 22:08:44 [AnalyticsTest.js] info: 300
2019-10-22 22:08:44 [AnalyticsTest.js] info: 301
2019-10-22 22:08:44 [AnalyticsTest.js] info: 302
2019-10-22 22:08:44 [AnalyticsTest.js] info: 303
2019-10-22 22:08:44 [AnalyticsTest.js] info: 304
2019-10-22 22:08:45 [AnalyticsTest.js] info: 305
2019-10-22 22:08:45 [AnalyticsTest.js] info: 306
2019-10-22 22:08:45 [AnalyticsTest.js] info: 307
2019-10-22 22:08:45 [AnalyticsTest.js] info: 308
2019-10-22 22:08:45 [AnalyticsTest.js] info: 309
2019-10-22 22:08:45 [AnalyticsTest.js] info: 310
2019-10-22 22:08:45 [AnalyticsTest.js] info: 311
2019-10-22 22:08:45 [AnalyticsTest.js] info: 312
2019-10-22 22:08:45 [AnalyticsTest.js] info: 313
2019-10-22 22:08:46 [AnalyticsTest.js] info: 314
2019-10-22 22:08:46 [AnalyticsTest.js] info: 315
2019-10-22 22:08:46 [AnalyticsTest.js] info: 316
2019-10-22 22:08:46 [AnalyticsTest.js] info: 317
2019-10-22 22:08:46 [AnalyticsTest.js] info: 318
2019-10-22 22:08:46 [AnalyticsTest.js] info: 319
2019-10-22 22:08:46 [AnalyticsTest.js] info: 320
2019-10-22 22:08:46 [AnalyticsTest.js] info: 321
2019-10-22 22:08:46 [AnalyticsTest.js] info: 322
2019-10-22 22:08:46 [AnalyticsTest.js] info: 323
2019-10-22 22:08:46 [AnalyticsTest.js] info: 324
2019-10-22 22:08:46 [AnalyticsTest.js] info: 325
2019-10-22 22:08:47 [AnalyticsTest.js] info: 326
2019-10-22 22:08:47 [AnalyticsTest.js] info: 327
2019-10-22 22:08:47 [AnalyticsTest.js] info: 328
2019-10-22 22:08:47 [AnalyticsTest.js] info: 329
2019-10-22 22:08:47 [AnalyticsTest.js] info: 330
2019-10-22 22:08:47 [AnalyticsTest.js] info: 331
2019-10-22 22:08:47 [AnalyticsTest.js] info: 332
2019-10-22 22:08:47 [AnalyticsTest.js] info: 333
2019-10-22 22:08:47 [AnalyticsTest.js] info: 334
2019-10-22 22:08:48 [AnalyticsTest.js] info: 335
2019-10-22 22:08:48 [AnalyticsTest.js] info: 336
2019-10-22 22:08:48 [AnalyticsTest.js] info: 337
2019-10-22 22:08:48 [AnalyticsTest.js] info: 338
2019-10-22 22:08:48 [AnalyticsTest.js] info: 339
2019-10-22 22:08:48 [AnalyticsTest.js] info: 340
2019-10-22 22:08:48 [AnalyticsTest.js] info: 341
2019-10-22 22:08:48 [AnalyticsTest.js] info: 342
2019-10-22 22:08:48 [AnalyticsTest.js] info: 343
2019-10-22 22:08:48 [AnalyticsTest.js] info: 344
2019-10-22 22:08:48 [AnalyticsTest.js] info: 345
2019-10-22 22:08:48 [AnalyticsTest.js] info: 346
2019-10-22 22:08:48 [AnalyticsTest.js] info: 347
2019-10-22 22:08:48 [AnalyticsTest.js] info: 348
2019-10-22 22:08:48 [AnalyticsTest.js] info: 349
2019-10-22 22:08:48 [AnalyticsTest.js] info: 350
2019-10-22 22:08:49 [AnalyticsTest.js] info: 351
2019-10-22 22:08:49 [AnalyticsTest.js] info: 352
2019-10-22 22:08:49 [AnalyticsTest.js] info: 353
2019-10-22 22:08:49 [AnalyticsTest.js] info: 354
2019-10-22 22:08:49 [AnalyticsTest.js] info: 355
2019-10-22 22:08:49 [AnalyticsTest.js] info: 356
2019-10-22 22:08:49 [AnalyticsTest.js] info: 357
2019-10-22 22:08:49 [AnalyticsTest.js] info: 358
2019-10-22 22:08:49 [AnalyticsTest.js] info: 359
2019-10-22 22:08:50 [AnalyticsTest.js] info: 360
2019-10-22 22:08:50 [AnalyticsTest.js] info: 361
2019-10-22 22:08:50 [AnalyticsTest.js] info: 362
2019-10-22 22:08:50 [AnalyticsTest.js] info: 363
2019-10-22 22:08:50 [AnalyticsTest.js] info: 364
2019-10-22 22:08:50 [AnalyticsTest.js] info: 365
2019-10-22 22:08:50 [AnalyticsTest.js] info: 366
2019-10-22 22:08:50 [AnalyticsTest.js] info: 367
2019-10-22 22:08:50 [AnalyticsTest.js] info: 368
2019-10-22 22:08:50 [AnalyticsTest.js] info: 369
2019-10-22 22:08:51 [AnalyticsTest.js] info: 370
2019-10-22 22:08:51 [AnalyticsTest.js] info: 371
2019-10-22 22:08:51 [AnalyticsTest.js] info: 372
2019-10-22 22:08:51 [AnalyticsTest.js] info: 373
2019-10-22 22:08:51 [AnalyticsTest.js] info: 374
2019-10-22 22:08:51 [AnalyticsTest.js] info: 375
2019-10-22 22:08:51 [AnalyticsTest.js] info: 376
2019-10-22 22:08:51 [AnalyticsTest.js] info: 377
2019-10-22 22:08:52 [AnalyticsTest.js] info: 378
2019-10-22 22:08:52 [AnalyticsTest.js] info: 379
2019-10-22 22:08:52 [AnalyticsTest.js] info: 380
2019-10-22 22:08:52 [AnalyticsTest.js] info: 381
2019-10-22 22:08:52 [AnalyticsTest.js] info: 382
2019-10-22 22:08:52 [AnalyticsTest.js] info: 383
2019-10-22 22:08:52 [AnalyticsTest.js] info: 384
2019-10-22 22:08:52 [AnalyticsTest.js] info: 385
2019-10-22 22:08:52 [AnalyticsTest.js] info: 386
2019-10-22 22:08:52 [AnalyticsTest.js] info: 387
2019-10-22 22:08:52 [AnalyticsTest.js] info: 388
2019-10-22 22:08:53 [AnalyticsTest.js] info: 389
2019-10-22 22:08:53 [AnalyticsTest.js] info: 390
2019-10-22 22:08:53 [AnalyticsTest.js] info: 391
2019-10-22 22:08:53 [AnalyticsTest.js] info: 392
2019-10-22 22:08:53 [AnalyticsTest.js] info: 393
2019-10-22 22:08:53 [AnalyticsTest.js] info: 394
2019-10-22 22:08:53 [AnalyticsTest.js] info: 395
2019-10-22 22:08:53 [AnalyticsTest.js] info: 396
2019-10-22 22:08:53 [AnalyticsTest.js] info: 397
2019-10-22 22:08:53 [AnalyticsTest.js] info: 398
2019-10-22 22:08:53 [AnalyticsTest.js] info: 399
2019-10-22 22:08:54 [AnalyticsTest.js] info: 400
2019-10-22 22:08:54 [AnalyticsTest.js] info: 401
2019-10-22 22:08:54 [AnalyticsTest.js] info: 402
2019-10-22 22:08:54 [AnalyticsTest.js] info: 403
2019-10-22 22:08:54 [AnalyticsTest.js] info: 404
2019-10-22 22:08:54 [AnalyticsTest.js] info: 405
2019-10-22 22:08:54 [AnalyticsTest.js] info: 406
2019-10-22 22:08:54 [AnalyticsTest.js] info: 407
2019-10-22 22:08:54 [AnalyticsTest.js] info: 408
2019-10-22 22:08:54 [AnalyticsTest.js] info: 409
2019-10-22 22:08:54 [AnalyticsTest.js] info: 410
2019-10-22 22:08:55 [AnalyticsTest.js] info: 411
2019-10-22 22:08:55 [AnalyticsTest.js] info: 412
2019-10-22 22:08:55 [AnalyticsTest.js] info: 413
2019-10-22 22:08:55 [AnalyticsTest.js] info: 414
2019-10-22 22:08:55 [AnalyticsTest.js] info: 415
2019-10-22 22:08:55 [AnalyticsTest.js] info: 416
2019-10-22 22:08:55 [AnalyticsTest.js] info: 417
2019-10-22 22:08:55 [AnalyticsTest.js] info: 418
2019-10-22 22:08:55 [AnalyticsTest.js] info: 419
2019-10-22 22:08:56 [AnalyticsTest.js] info: 420
2019-10-22 22:08:56 [AnalyticsTest.js] info: 421
2019-10-22 22:08:56 [AnalyticsTest.js] info: 422
2019-10-22 22:08:56 [AnalyticsTest.js] info: 423
2019-10-22 22:08:56 [AnalyticsTest.js] info: 424
2019-10-22 22:08:56 [AnalyticsTest.js] info: 425
2019-10-22 22:08:56 [AnalyticsTest.js] info: 426
2019-10-22 22:08:56 [AnalyticsTest.js] info: 427
2019-10-22 22:08:56 [AnalyticsTest.js] info: 428
2019-10-22 22:08:56 [AnalyticsTest.js] info: 429
2019-10-22 22:08:57 [AnalyticsTest.js] info: 430
2019-10-22 22:08:57 [AnalyticsTest.js] info: 431
2019-10-22 22:08:57 [AnalyticsTest.js] info: 432
2019-10-22 22:08:57 [AnalyticsTest.js] info: 433
2019-10-22 22:08:57 [AnalyticsTest.js] info: 434
2019-10-22 22:08:57 [AnalyticsTest.js] info: 435
2019-10-22 22:08:57 [AnalyticsTest.js] info: 436
2019-10-22 22:08:57 [AnalyticsTest.js] info: 437
2019-10-22 22:08:57 [AnalyticsTest.js] info: 438
2019-10-22 22:08:57 [AnalyticsTest.js] info: 439
2019-10-22 22:08:58 [AnalyticsTest.js] info: 440
2019-10-22 22:08:58 [AnalyticsTest.js] info: 441
2019-10-22 22:08:58 [AnalyticsTest.js] info: 442
2019-10-22 22:08:58 [AnalyticsTest.js] info: 443
2019-10-22 22:08:58 [AnalyticsTest.js] info: 444
2019-10-22 22:08:58 [AnalyticsTest.js] info: 445
2019-10-22 22:08:58 [AnalyticsTest.js] info: 446
2019-10-22 22:08:58 [AnalyticsTest.js] info: 447
2019-10-22 22:08:58 [AnalyticsTest.js] info: 448
2019-10-22 22:08:59 [AnalyticsTest.js] info: 449
2019-10-22 22:08:59 [AnalyticsTest.js] info: 450
2019-10-22 22:08:59 [AnalyticsTest.js] info: 451
2019-10-22 22:08:59 [AnalyticsTest.js] info: 452
2019-10-22 22:08:59 [AnalyticsTest.js] info: 453
2019-10-22 22:08:59 [AnalyticsTest.js] info: 454
2019-10-22 22:08:59 [AnalyticsTest.js] info: 455
2019-10-22 22:08:59 [AnalyticsTest.js] info: 456
2019-10-22 22:09:00 [AnalyticsTest.js] info: 457
2019-10-22 22:09:00 [AnalyticsTest.js] info: 458
2019-10-22 22:09:00 [AnalyticsTest.js] info: 459
2019-10-22 22:09:00 [AnalyticsTest.js] info: 460
2019-10-22 22:09:00 [AnalyticsTest.js] info: 461
2019-10-22 22:09:00 [AnalyticsTest.js] info: 462
2019-10-22 22:09:00 [AnalyticsTest.js] info: 463
2019-10-22 22:09:00 [AnalyticsTest.js] info: 464
2019-10-22 22:09:00 [AnalyticsTest.js] info: 465
2019-10-22 22:09:00 [AnalyticsTest.js] info: 466
2019-10-22 22:09:00 [AnalyticsTest.js] info: 467
2019-10-22 22:09:00 [AnalyticsTest.js] info: 468
2019-10-22 22:09:01 [AnalyticsTest.js] info: 469
2019-10-22 22:09:01 [AnalyticsTest.js] info: 470
2019-10-22 22:09:01 [AnalyticsTest.js] info: 471
2019-10-22 22:09:01 [AnalyticsTest.js] info: 472
2019-10-22 22:09:01 [AnalyticsTest.js] info: 473
2019-10-22 22:09:01 [AnalyticsTest.js] info: 474
2019-10-22 22:09:01 [AnalyticsTest.js] info: 475
2019-10-22 22:09:01 [AnalyticsTest.js] info: 476
2019-10-22 22:09:01 [AnalyticsTest.js] info: 477
2019-10-22 22:09:01 [AnalyticsTest.js] info: 478
2019-10-22 22:09:01 [AnalyticsTest.js] info: 479
2019-10-22 22:09:01 [AnalyticsTest.js] info: 480
2019-10-22 22:09:01 [AnalyticsTest.js] info: 481
2019-10-22 22:09:02 [AnalyticsTest.js] info: 482
2019-10-22 22:09:02 [AnalyticsTest.js] info: 483
2019-10-22 22:09:02 [AnalyticsTest.js] info: 484
2019-10-22 22:09:02 [AnalyticsTest.js] info: 485
2019-10-22 22:09:02 [AnalyticsTest.js] info: 486
2019-10-22 22:09:02 [AnalyticsTest.js] info: 487
2019-10-22 22:09:02 [AnalyticsTest.js] info: 488
2019-10-22 22:09:02 [AnalyticsTest.js] info: 489
2019-10-22 22:09:02 [AnalyticsTest.js] info: 490
2019-10-22 22:09:02 [AnalyticsTest.js] info: 491
2019-10-22 22:09:02 [AnalyticsTest.js] info: 492
2019-10-22 22:09:02 [AnalyticsTest.js] info: 493
2019-10-22 22:09:02 [AnalyticsTest.js] info: 494
2019-10-22 22:09:03 [AnalyticsTest.js] info: 495
2019-10-22 22:09:03 [AnalyticsTest.js] info: 496
2019-10-22 22:09:03 [AnalyticsTest.js] info: 497
2019-10-22 22:09:03 [AnalyticsTest.js] info: 498
2019-10-22 22:09:03 [AnalyticsTest.js] info: 499
2019-10-22 22:09:03 [AnalyticsTest.js] info: 500
2019-10-22 22:09:03 [AnalyticsTest.js] info: 501
2019-10-22 22:09:03 [AnalyticsTest.js] info: 502
2019-10-22 22:09:03 [AnalyticsTest.js] info: 503
2019-10-22 22:09:03 [AnalyticsTest.js] info: 504
2019-10-22 22:09:03 [AnalyticsTest.js] info: 505
2019-10-22 22:09:03 [AnalyticsTest.js] info: 506
2019-10-22 22:09:03 [AnalyticsTest.js] info: 507
2019-10-22 22:09:04 [AnalyticsTest.js] info: 508
2019-10-22 22:09:04 [AnalyticsTest.js] info: 509
2019-10-22 22:09:04 [AnalyticsTest.js] info: 510
2019-10-22 22:09:04 [AnalyticsTest.js] info: 511
2019-10-22 22:09:04 [AnalyticsTest.js] info: 512
2019-10-22 22:09:04 [AnalyticsTest.js] info: 513
2019-10-22 22:09:04 [AnalyticsTest.js] info: 514
2019-10-22 22:09:04 [AnalyticsTest.js] info: 515
2019-10-22 22:09:04 [AnalyticsTest.js] info: 516
2019-10-22 22:09:04 [AnalyticsTest.js] info: 517
2019-10-22 22:09:04 [AnalyticsTest.js] info: 518
2019-10-22 22:09:04 [AnalyticsTest.js] info: 519
2019-10-22 22:09:04 [AnalyticsTest.js] info: 520
2019-10-22 22:09:05 [AnalyticsTest.js] info: 521
2019-10-22 22:09:05 [AnalyticsTest.js] info: 522
2019-10-22 22:09:05 [AnalyticsTest.js] info: 523
2019-10-22 22:09:05 [AnalyticsTest.js] info: 524
2019-10-22 22:09:05 [AnalyticsTest.js] info: 525
2019-10-22 22:09:05 [AnalyticsTest.js] info: 526
2019-10-22 22:09:05 [AnalyticsTest.js] info: 527
2019-10-22 22:09:05 [AnalyticsTest.js] info: 528
2019-10-22 22:09:05 [AnalyticsTest.js] info: 529
2019-10-22 22:09:05 [AnalyticsTest.js] info: 530
2019-10-22 22:09:05 [AnalyticsTest.js] info: 531
2019-10-22 22:09:05 [AnalyticsTest.js] info: 532
2019-10-22 22:09:05 [AnalyticsTest.js] info: 533
2019-10-22 22:09:06 [AnalyticsTest.js] info: 534
2019-10-22 22:09:06 [AnalyticsTest.js] info: 535
2019-10-22 22:09:06 [AnalyticsTest.js] info: 536
2019-10-22 22:09:06 [AnalyticsTest.js] info: 537
2019-10-22 22:09:06 [AnalyticsTest.js] info: 538
2019-10-22 22:09:06 [AnalyticsTest.js] info: 539
2019-10-22 22:09:06 [AnalyticsTest.js] info: 540
2019-10-22 22:09:06 [AnalyticsTest.js] info: 541
2019-10-22 22:09:06 [AnalyticsTest.js] info: 542
2019-10-22 22:09:06 [AnalyticsTest.js] info: 543
2019-10-22 22:09:06 [AnalyticsTest.js] info: 544
2019-10-22 22:09:06 [AnalyticsTest.js] info: 545
2019-10-22 22:09:06 [AnalyticsTest.js] info: 546
2019-10-22 22:09:07 [AnalyticsTest.js] info: 547
2019-10-22 22:09:07 [AnalyticsTest.js] info: 548
2019-10-22 22:09:07 [AnalyticsTest.js] info: 549
2019-10-22 22:09:07 [AnalyticsTest.js] info: 550
2019-10-22 22:09:07 [AnalyticsTest.js] info: 551
2019-10-22 22:09:07 [AnalyticsTest.js] info: 552
2019-10-22 22:09:07 [AnalyticsTest.js] info: 553
2019-10-22 22:09:07 [AnalyticsTest.js] info: 554
2019-10-22 22:09:07 [AnalyticsTest.js] info: 555
2019-10-22 22:09:07 [AnalyticsTest.js] info: 556
2019-10-22 22:09:07 [AnalyticsTest.js] info: 557
2019-10-22 22:09:07 [AnalyticsTest.js] info: 558
2019-10-22 22:09:07 [AnalyticsTest.js] info: 559
2019-10-22 22:09:08 [AnalyticsTest.js] info: 560
2019-10-22 22:09:08 [AnalyticsTest.js] info: 561
2019-10-22 22:09:08 [AnalyticsTest.js] info: 562
2019-10-22 22:09:08 [AnalyticsTest.js] info: 563
2019-10-22 22:09:08 [AnalyticsTest.js] info: 564
2019-10-22 22:09:08 [AnalyticsTest.js] info: 565
2019-10-22 22:09:08 [AnalyticsTest.js] info: 566
2019-10-22 22:09:08 [AnalyticsTest.js] info: 567
2019-10-22 22:09:08 [AnalyticsTest.js] info: 568
2019-10-22 22:09:08 [AnalyticsTest.js] info: 569
2019-10-22 22:09:08 [AnalyticsTest.js] info: 570
2019-10-22 22:09:08 [AnalyticsTest.js] info: 571
2019-10-22 22:09:08 [AnalyticsTest.js] info: 572
2019-10-22 22:09:09 [AnalyticsTest.js] info: 573
2019-10-22 22:09:09 [AnalyticsTest.js] info: 574
2019-10-22 22:09:09 [AnalyticsTest.js] info: 575
2019-10-22 22:09:09 [AnalyticsTest.js] info: 576
2019-10-22 22:09:09 [AnalyticsTest.js] info: 577
2019-10-22 22:09:09 [AnalyticsTest.js] info: 578
2019-10-22 22:09:09 [AnalyticsTest.js] info: 579
2019-10-22 22:09:09 [AnalyticsTest.js] info: 580
2019-10-22 22:09:09 [AnalyticsTest.js] info: 581
2019-10-22 22:09:09 [AnalyticsTest.js] info: 582
2019-10-22 22:09:09 [AnalyticsTest.js] info: 583
2019-10-22 22:09:09 [AnalyticsTest.js] info: 584
2019-10-22 22:09:09 [AnalyticsTest.js] info: 585
2019-10-22 22:09:10 [AnalyticsTest.js] info: 586
2019-10-22 22:09:10 [AnalyticsTest.js] info: 587
2019-10-22 22:09:10 [AnalyticsTest.js] info: 588
2019-10-22 22:09:10 [AnalyticsTest.js] info: 589
2019-10-22 22:09:10 [AnalyticsTest.js] info: 590
2019-10-22 22:09:10 [AnalyticsTest.js] info: 591
2019-10-22 22:09:10 [AnalyticsTest.js] info: 592
2019-10-22 22:09:10 [AnalyticsTest.js] info: 593
2019-10-22 22:09:10 [AnalyticsTest.js] info: 594
2019-10-22 22:09:10 [AnalyticsTest.js] info: 595
2019-10-22 22:09:10 [AnalyticsTest.js] info: 596
2019-10-22 22:09:10 [AnalyticsTest.js] info: 597
2019-10-22 22:09:10 [AnalyticsTest.js] info: 598
2019-10-22 22:09:11 [AnalyticsTest.js] info: 599
2019-10-22 22:09:11 [AnalyticsTest.js] info: 600
2019-10-22 22:09:11 [AnalyticsTest.js] info: 601
2019-10-22 22:09:11 [AnalyticsTest.js] info: 602
2019-10-22 22:09:11 [AnalyticsTest.js] info: 603
2019-10-22 22:09:11 [AnalyticsTest.js] info: 604
2019-10-22 22:09:11 [AnalyticsTest.js] info: 605
2019-10-22 22:09:11 [AnalyticsTest.js] info: 606
2019-10-22 22:09:11 [AnalyticsTest.js] info: 607
2019-10-22 22:09:11 [AnalyticsTest.js] info: 608
2019-10-22 22:09:11 [AnalyticsTest.js] info: 609
2019-10-22 22:09:11 [AnalyticsTest.js] info: 610
2019-10-22 22:09:16 [AnalyticsTest.js] info: the user update successfully
2019-10-22 22:09:18 [AnalyticsTest.js] info: 0
2019-10-22 22:09:18 [AnalyticsTest.js] warn: Analytics Outstanding Clients Param not work as Expected
2019-10-22 22:10:07 [AnalyticsTest.js] warn: this is Test to check Analytics Outstanding Clients Param
2019-10-22 22:10:28 [AnalyticsTest.js] info: 1
2019-10-22 22:10:28 [AnalyticsTest.js] info: 2
2019-10-22 22:10:28 [AnalyticsTest.js] info: 3
2019-10-22 22:10:29 [AnalyticsTest.js] info: 4
2019-10-22 22:10:29 [AnalyticsTest.js] info: 5
2019-10-22 22:10:29 [AnalyticsTest.js] info: 6
2019-10-22 22:10:29 [AnalyticsTest.js] info: 7
2019-10-22 22:10:29 [AnalyticsTest.js] info: 8
2019-10-22 22:10:29 [AnalyticsTest.js] info: 9
2019-10-22 22:10:29 [AnalyticsTest.js] info: 10
2019-10-22 22:10:29 [AnalyticsTest.js] info: 11
2019-10-22 22:10:29 [AnalyticsTest.js] info: 12
2019-10-22 22:10:30 [AnalyticsTest.js] info: 13
2019-10-22 22:10:30 [AnalyticsTest.js] info: 14
2019-10-22 22:10:30 [AnalyticsTest.js] info: 15
2019-10-22 22:10:30 [AnalyticsTest.js] info: 16
2019-10-22 22:10:30 [AnalyticsTest.js] info: 17
2019-10-22 22:10:30 [AnalyticsTest.js] info: 18
2019-10-22 22:10:31 [AnalyticsTest.js] info: 19
2019-10-22 22:10:31 [AnalyticsTest.js] info: 20
2019-10-22 22:10:31 [AnalyticsTest.js] info: 21
2019-10-22 22:10:31 [AnalyticsTest.js] info: 22
2019-10-22 22:10:31 [AnalyticsTest.js] info: 23
2019-10-22 22:10:31 [AnalyticsTest.js] info: 24
2019-10-22 22:10:31 [AnalyticsTest.js] info: 25
2019-10-22 22:10:31 [AnalyticsTest.js] info: 26
2019-10-22 22:10:32 [AnalyticsTest.js] info: 27
2019-10-22 22:10:32 [AnalyticsTest.js] info: 28
2019-10-22 22:10:32 [AnalyticsTest.js] info: 29
2019-10-22 22:10:32 [AnalyticsTest.js] info: 30
2019-10-22 22:10:32 [AnalyticsTest.js] info: 31
2019-10-22 22:10:32 [AnalyticsTest.js] info: 32
2019-10-22 22:10:32 [AnalyticsTest.js] info: 33
2019-10-22 22:10:32 [AnalyticsTest.js] info: 34
2019-10-22 22:10:33 [AnalyticsTest.js] info: 35
2019-10-22 22:10:33 [AnalyticsTest.js] info: 36
2019-10-22 22:10:33 [AnalyticsTest.js] info: 37
2019-10-22 22:10:33 [AnalyticsTest.js] info: 38
2019-10-22 22:10:33 [AnalyticsTest.js] info: 39
2019-10-22 22:10:33 [AnalyticsTest.js] info: 40
2019-10-22 22:10:33 [AnalyticsTest.js] info: 41
2019-10-22 22:10:34 [AnalyticsTest.js] info: 42
2019-10-22 22:10:34 [AnalyticsTest.js] info: 43
2019-10-22 22:10:34 [AnalyticsTest.js] info: 44
2019-10-22 22:10:34 [AnalyticsTest.js] info: 45
2019-10-22 22:10:34 [AnalyticsTest.js] info: 46
2019-10-22 22:10:34 [AnalyticsTest.js] info: 47
2019-10-22 22:10:34 [AnalyticsTest.js] info: 48
2019-10-22 22:10:34 [AnalyticsTest.js] info: 49
2019-10-22 22:10:34 [AnalyticsTest.js] info: 50
2019-10-22 22:10:34 [AnalyticsTest.js] info: 51
2019-10-22 22:10:35 [AnalyticsTest.js] info: 52
2019-10-22 22:10:35 [AnalyticsTest.js] info: 53
2019-10-22 22:10:35 [AnalyticsTest.js] info: 54
2019-10-22 22:10:35 [AnalyticsTest.js] info: 55
2019-10-22 22:10:35 [AnalyticsTest.js] info: 56
2019-10-22 22:10:35 [AnalyticsTest.js] info: 57
2019-10-22 22:10:35 [AnalyticsTest.js] info: 58
2019-10-22 22:10:36 [AnalyticsTest.js] info: 59
2019-10-22 22:10:36 [AnalyticsTest.js] info: 60
2019-10-22 22:10:36 [AnalyticsTest.js] info: 61
2019-10-22 22:10:36 [AnalyticsTest.js] info: 62
2019-10-22 22:10:36 [AnalyticsTest.js] info: 63
2019-10-22 22:10:36 [AnalyticsTest.js] info: 64
2019-10-22 22:10:36 [AnalyticsTest.js] info: 65
2019-10-22 22:10:37 [AnalyticsTest.js] info: 66
2019-10-22 22:10:37 [AnalyticsTest.js] info: 67
2019-10-22 22:10:37 [AnalyticsTest.js] info: 68
2019-10-22 22:10:37 [AnalyticsTest.js] info: 69
2019-10-22 22:10:37 [AnalyticsTest.js] info: 70
2019-10-22 22:10:37 [AnalyticsTest.js] info: 71
2019-10-22 22:10:37 [AnalyticsTest.js] info: 72
2019-10-22 22:10:37 [AnalyticsTest.js] info: 73
2019-10-22 22:10:37 [AnalyticsTest.js] info: 74
2019-10-22 22:10:37 [AnalyticsTest.js] info: 75
2019-10-22 22:10:38 [AnalyticsTest.js] info: 76
2019-10-22 22:10:38 [AnalyticsTest.js] info: 77
2019-10-22 22:10:38 [AnalyticsTest.js] info: 78
2019-10-22 22:10:38 [AnalyticsTest.js] info: 79
2019-10-22 22:10:38 [AnalyticsTest.js] info: 80
2019-10-22 22:10:38 [AnalyticsTest.js] info: 81
2019-10-22 22:10:39 [AnalyticsTest.js] info: 82
2019-10-22 22:10:39 [AnalyticsTest.js] info: 83
2019-10-22 22:10:39 [AnalyticsTest.js] info: 84
2019-10-22 22:10:39 [AnalyticsTest.js] info: 85
2019-10-22 22:10:39 [AnalyticsTest.js] info: 86
2019-10-22 22:10:39 [AnalyticsTest.js] info: 87
2019-10-22 22:10:39 [AnalyticsTest.js] info: 88
2019-10-22 22:10:39 [AnalyticsTest.js] info: 89
2019-10-22 22:10:39 [AnalyticsTest.js] info: 90
2019-10-22 22:10:39 [AnalyticsTest.js] info: 91
2019-10-22 22:10:40 [AnalyticsTest.js] info: 92
2019-10-22 22:10:40 [AnalyticsTest.js] info: 93
2019-10-22 22:10:40 [AnalyticsTest.js] info: 94
2019-10-22 22:10:40 [AnalyticsTest.js] info: 95
2019-10-22 22:10:40 [AnalyticsTest.js] info: 96
2019-10-22 22:10:40 [AnalyticsTest.js] info: 97
2019-10-22 22:10:40 [AnalyticsTest.js] info: 98
2019-10-22 22:10:40 [AnalyticsTest.js] info: 99
2019-10-22 22:10:41 [AnalyticsTest.js] info: 100
2019-10-22 22:10:41 [AnalyticsTest.js] info: 101
2019-10-22 22:10:41 [AnalyticsTest.js] info: 102
2019-10-22 22:10:41 [AnalyticsTest.js] info: 103
2019-10-22 22:10:41 [AnalyticsTest.js] info: 104
2019-10-22 22:10:41 [AnalyticsTest.js] info: 105
2019-10-22 22:10:42 [AnalyticsTest.js] info: 106
2019-10-22 22:10:42 [AnalyticsTest.js] info: 107
2019-10-22 22:10:42 [AnalyticsTest.js] info: 108
2019-10-22 22:10:42 [AnalyticsTest.js] info: 109
2019-10-22 22:10:42 [AnalyticsTest.js] info: 110
2019-10-22 22:10:42 [AnalyticsTest.js] info: 111
2019-10-22 22:10:42 [AnalyticsTest.js] info: 112
2019-10-22 22:10:42 [AnalyticsTest.js] info: 113
2019-10-22 22:10:42 [AnalyticsTest.js] info: 114
2019-10-22 22:10:42 [AnalyticsTest.js] info: 115
2019-10-22 22:10:43 [AnalyticsTest.js] info: 116
2019-10-22 22:10:43 [AnalyticsTest.js] info: 117
2019-10-22 22:10:43 [AnalyticsTest.js] info: 118
2019-10-22 22:10:43 [AnalyticsTest.js] info: 119
2019-10-22 22:10:43 [AnalyticsTest.js] info: 120
2019-10-22 22:10:43 [AnalyticsTest.js] info: 121
2019-10-22 22:10:43 [AnalyticsTest.js] info: 122
2019-10-22 22:10:44 [AnalyticsTest.js] info: 123
2019-10-22 22:10:44 [AnalyticsTest.js] info: 124
2019-10-22 22:10:44 [AnalyticsTest.js] info: 125
2019-10-22 22:10:44 [AnalyticsTest.js] info: 126
2019-10-22 22:10:44 [AnalyticsTest.js] info: 127
2019-10-22 22:10:44 [AnalyticsTest.js] info: 128
2019-10-22 22:10:44 [AnalyticsTest.js] info: 129
2019-10-22 22:10:44 [AnalyticsTest.js] info: 130
2019-10-22 22:10:44 [AnalyticsTest.js] info: 131
2019-10-22 22:10:44 [AnalyticsTest.js] info: 132
2019-10-22 22:10:45 [AnalyticsTest.js] info: 133
2019-10-22 22:10:45 [AnalyticsTest.js] info: 134
2019-10-22 22:10:45 [AnalyticsTest.js] info: 135
2019-10-22 22:10:45 [AnalyticsTest.js] info: 136
2019-10-22 22:10:45 [AnalyticsTest.js] info: 137
2019-10-22 22:10:45 [AnalyticsTest.js] info: 138
2019-10-22 22:10:45 [AnalyticsTest.js] info: 139
2019-10-22 22:10:45 [AnalyticsTest.js] info: 140
2019-10-22 22:10:45 [AnalyticsTest.js] info: 141
2019-10-22 22:10:45 [AnalyticsTest.js] info: 142
2019-10-22 22:10:46 [AnalyticsTest.js] info: 143
2019-10-22 22:10:46 [AnalyticsTest.js] info: 144
2019-10-22 22:10:46 [AnalyticsTest.js] info: 145
2019-10-22 22:10:46 [AnalyticsTest.js] info: 146
2019-10-22 22:10:46 [AnalyticsTest.js] info: 147
2019-10-22 22:10:46 [AnalyticsTest.js] info: 148
2019-10-22 22:10:47 [AnalyticsTest.js] info: 149
2019-10-22 22:10:47 [AnalyticsTest.js] info: 150
2019-10-22 22:10:47 [AnalyticsTest.js] info: 151
2019-10-22 22:10:47 [AnalyticsTest.js] info: 152
2019-10-22 22:10:47 [AnalyticsTest.js] info: 153
2019-10-22 22:10:47 [AnalyticsTest.js] info: 154
2019-10-22 22:10:47 [AnalyticsTest.js] info: 155
2019-10-22 22:10:47 [AnalyticsTest.js] info: 156
2019-10-22 22:10:48 [AnalyticsTest.js] info: 157
2019-10-22 22:10:48 [AnalyticsTest.js] info: 158
2019-10-22 22:10:48 [AnalyticsTest.js] info: 159
2019-10-22 22:10:48 [AnalyticsTest.js] info: 160
2019-10-22 22:10:48 [AnalyticsTest.js] info: 161
2019-10-22 22:10:48 [AnalyticsTest.js] info: 162
2019-10-22 22:10:48 [AnalyticsTest.js] info: 163
2019-10-22 22:10:48 [AnalyticsTest.js] info: 164
2019-10-22 22:10:48 [AnalyticsTest.js] info: 165
2019-10-22 22:10:48 [AnalyticsTest.js] info: 166
2019-10-22 22:10:48 [AnalyticsTest.js] info: 167
2019-10-22 22:10:48 [AnalyticsTest.js] info: 168
2019-10-22 22:10:48 [AnalyticsTest.js] info: 169
2019-10-22 22:10:49 [AnalyticsTest.js] info: 170
2019-10-22 22:10:49 [AnalyticsTest.js] info: 171
2019-10-22 22:10:49 [AnalyticsTest.js] info: 172
2019-10-22 22:10:49 [AnalyticsTest.js] info: 173
2019-10-22 22:10:49 [AnalyticsTest.js] info: 174
2019-10-22 22:10:49 [AnalyticsTest.js] info: 175
2019-10-22 22:10:49 [AnalyticsTest.js] info: 176
2019-10-22 22:10:50 [AnalyticsTest.js] info: 177
2019-10-22 22:10:50 [AnalyticsTest.js] info: 178
2019-10-22 22:10:50 [AnalyticsTest.js] info: 179
2019-10-22 22:10:50 [AnalyticsTest.js] info: 180
2019-10-22 22:10:50 [AnalyticsTest.js] info: 181
2019-10-22 22:10:50 [AnalyticsTest.js] info: 182
2019-10-22 22:10:50 [AnalyticsTest.js] info: 183
2019-10-22 22:10:51 [AnalyticsTest.js] info: 184
2019-10-22 22:10:51 [AnalyticsTest.js] info: 185
2019-10-22 22:10:51 [AnalyticsTest.js] info: 186
2019-10-22 22:10:51 [AnalyticsTest.js] info: 187
2019-10-22 22:10:51 [AnalyticsTest.js] info: 188
2019-10-22 22:10:51 [AnalyticsTest.js] info: 189
2019-10-22 22:10:51 [AnalyticsTest.js] info: 190
2019-10-22 22:10:51 [AnalyticsTest.js] info: 191
2019-10-22 22:10:51 [AnalyticsTest.js] info: 192
2019-10-22 22:10:51 [AnalyticsTest.js] info: 193
2019-10-22 22:10:52 [AnalyticsTest.js] info: 194
2019-10-22 22:10:52 [AnalyticsTest.js] info: 195
2019-10-22 22:10:52 [AnalyticsTest.js] info: 196
2019-10-22 22:10:52 [AnalyticsTest.js] info: 197
2019-10-22 22:10:52 [AnalyticsTest.js] info: 198
2019-10-22 22:10:52 [AnalyticsTest.js] info: 199
2019-10-22 22:10:53 [AnalyticsTest.js] info: 200
2019-10-22 22:10:53 [AnalyticsTest.js] info: 201
2019-10-22 22:10:53 [AnalyticsTest.js] info: 202
2019-10-22 22:10:53 [AnalyticsTest.js] info: 203
2019-10-22 22:10:53 [AnalyticsTest.js] info: 204
2019-10-22 22:10:53 [AnalyticsTest.js] info: 205
2019-10-22 22:10:53 [AnalyticsTest.js] info: 206
2019-10-22 22:10:53 [AnalyticsTest.js] info: 207
2019-10-22 22:10:53 [AnalyticsTest.js] info: 208
2019-10-22 22:10:54 [AnalyticsTest.js] info: 209
2019-10-22 22:10:54 [AnalyticsTest.js] info: 210
2019-10-22 22:10:54 [AnalyticsTest.js] info: 211
2019-10-22 22:10:54 [AnalyticsTest.js] info: 212
2019-10-22 22:10:54 [AnalyticsTest.js] info: 213
2019-10-22 22:10:54 [AnalyticsTest.js] info: 214
2019-10-22 22:10:54 [AnalyticsTest.js] info: 215
2019-10-22 22:10:54 [AnalyticsTest.js] info: 216
2019-10-22 22:10:54 [AnalyticsTest.js] info: 217
2019-10-22 22:10:54 [AnalyticsTest.js] info: 218
2019-10-22 22:10:55 [AnalyticsTest.js] info: 219
2019-10-22 22:10:55 [AnalyticsTest.js] info: 220
2019-10-22 22:10:55 [AnalyticsTest.js] info: 221
2019-10-22 22:10:55 [AnalyticsTest.js] info: 222
2019-10-22 22:10:55 [AnalyticsTest.js] info: 223
2019-10-22 22:10:55 [AnalyticsTest.js] info: 224
2019-10-22 22:10:55 [AnalyticsTest.js] info: 225
2019-10-22 22:10:55 [AnalyticsTest.js] info: 226
2019-10-22 22:10:55 [AnalyticsTest.js] info: 227
2019-10-22 22:10:55 [AnalyticsTest.js] info: 228
2019-10-22 22:10:55 [AnalyticsTest.js] info: 229
2019-10-22 22:10:55 [AnalyticsTest.js] info: 230
2019-10-22 22:10:55 [AnalyticsTest.js] info: 231
2019-10-22 22:10:55 [AnalyticsTest.js] info: 232
2019-10-22 22:10:55 [AnalyticsTest.js] info: 233
2019-10-22 22:10:55 [AnalyticsTest.js] info: 234
2019-10-22 22:10:55 [AnalyticsTest.js] info: 235
2019-10-22 22:10:55 [AnalyticsTest.js] info: 236
2019-10-22 22:10:55 [AnalyticsTest.js] info: 237
2019-10-22 22:10:55 [AnalyticsTest.js] info: 238
2019-10-22 22:10:56 [AnalyticsTest.js] info: 239
2019-10-22 22:10:56 [AnalyticsTest.js] info: 240
2019-10-22 22:10:56 [AnalyticsTest.js] info: 241
2019-10-22 22:10:56 [AnalyticsTest.js] info: 242
2019-10-22 22:10:56 [AnalyticsTest.js] info: 243
2019-10-22 22:10:56 [AnalyticsTest.js] info: 244
2019-10-22 22:10:56 [AnalyticsTest.js] info: 245
2019-10-22 22:10:56 [AnalyticsTest.js] info: 246
2019-10-22 22:10:56 [AnalyticsTest.js] info: 247
2019-10-22 22:10:56 [AnalyticsTest.js] info: 248
2019-10-22 22:10:56 [AnalyticsTest.js] info: 249
2019-10-22 22:10:56 [AnalyticsTest.js] info: 250
2019-10-22 22:10:56 [AnalyticsTest.js] info: 251
2019-10-22 22:10:56 [AnalyticsTest.js] info: 252
2019-10-22 22:10:56 [AnalyticsTest.js] info: 253
2019-10-22 22:10:56 [AnalyticsTest.js] info: 254
2019-10-22 22:10:56 [AnalyticsTest.js] info: 255
2019-10-22 22:10:56 [AnalyticsTest.js] info: 256
2019-10-22 22:10:56 [AnalyticsTest.js] info: 257
2019-10-22 22:10:56 [AnalyticsTest.js] info: 258
2019-10-22 22:10:56 [AnalyticsTest.js] info: 259
2019-10-22 22:10:56 [AnalyticsTest.js] info: 260
2019-10-22 22:10:56 [AnalyticsTest.js] info: 261
2019-10-22 22:10:56 [AnalyticsTest.js] info: 262
2019-10-22 22:10:57 [AnalyticsTest.js] info: 263
2019-10-22 22:10:57 [AnalyticsTest.js] info: 264
2019-10-22 22:10:57 [AnalyticsTest.js] info: 265
2019-10-22 22:10:57 [AnalyticsTest.js] info: 266
2019-10-22 22:10:57 [AnalyticsTest.js] info: 267
2019-10-22 22:10:57 [AnalyticsTest.js] info: 268
2019-10-22 22:10:57 [AnalyticsTest.js] info: 269
2019-10-22 22:10:57 [AnalyticsTest.js] info: 270
2019-10-22 22:10:57 [AnalyticsTest.js] info: 271
2019-10-22 22:10:57 [AnalyticsTest.js] info: 272
2019-10-22 22:10:57 [AnalyticsTest.js] info: 273
2019-10-22 22:10:57 [AnalyticsTest.js] info: 274
2019-10-22 22:10:57 [AnalyticsTest.js] info: 275
2019-10-22 22:10:57 [AnalyticsTest.js] info: 276
2019-10-22 22:10:57 [AnalyticsTest.js] info: 277
2019-10-22 22:10:57 [AnalyticsTest.js] info: 278
2019-10-22 22:10:57 [AnalyticsTest.js] info: 279
2019-10-22 22:10:57 [AnalyticsTest.js] info: 280
2019-10-22 22:10:57 [AnalyticsTest.js] info: 281
2019-10-22 22:10:57 [AnalyticsTest.js] info: 282
2019-10-22 22:10:57 [AnalyticsTest.js] info: 283
2019-10-22 22:10:57 [AnalyticsTest.js] info: 284
2019-10-22 22:10:57 [AnalyticsTest.js] info: 285
2019-10-22 22:10:57 [AnalyticsTest.js] info: 286
2019-10-22 22:10:58 [AnalyticsTest.js] info: 287
2019-10-22 22:10:58 [AnalyticsTest.js] info: 288
2019-10-22 22:10:58 [AnalyticsTest.js] info: 289
2019-10-22 22:10:58 [AnalyticsTest.js] info: 290
2019-10-22 22:10:58 [AnalyticsTest.js] info: 291
2019-10-22 22:10:58 [AnalyticsTest.js] info: 292
2019-10-22 22:10:58 [AnalyticsTest.js] info: 293
2019-10-22 22:10:58 [AnalyticsTest.js] info: 294
2019-10-22 22:10:58 [AnalyticsTest.js] info: 295
2019-10-22 22:10:58 [AnalyticsTest.js] info: 296
2019-10-22 22:10:58 [AnalyticsTest.js] info: 297
2019-10-22 22:10:58 [AnalyticsTest.js] info: 298
2019-10-22 22:10:58 [AnalyticsTest.js] info: 299
2019-10-22 22:10:58 [AnalyticsTest.js] info: 300
2019-10-22 22:10:58 [AnalyticsTest.js] info: 301
2019-10-22 22:10:58 [AnalyticsTest.js] info: 302
2019-10-22 22:10:58 [AnalyticsTest.js] info: 303
2019-10-22 22:10:58 [AnalyticsTest.js] info: 304
2019-10-22 22:10:58 [AnalyticsTest.js] info: 305
2019-10-22 22:10:58 [AnalyticsTest.js] info: 306
2019-10-22 22:10:58 [AnalyticsTest.js] info: 307
2019-10-22 22:10:58 [AnalyticsTest.js] info: 308
2019-10-22 22:10:58 [AnalyticsTest.js] info: 309
2019-10-22 22:10:58 [AnalyticsTest.js] info: 310
2019-10-22 22:10:58 [AnalyticsTest.js] info: 311
2019-10-22 22:10:59 [AnalyticsTest.js] info: 312
2019-10-22 22:10:59 [AnalyticsTest.js] info: 313
2019-10-22 22:10:59 [AnalyticsTest.js] info: 314
2019-10-22 22:10:59 [AnalyticsTest.js] info: 315
2019-10-22 22:10:59 [AnalyticsTest.js] info: 316
2019-10-22 22:10:59 [AnalyticsTest.js] info: 317
2019-10-22 22:10:59 [AnalyticsTest.js] info: 318
2019-10-22 22:10:59 [AnalyticsTest.js] info: 319
2019-10-22 22:10:59 [AnalyticsTest.js] info: 320
2019-10-22 22:10:59 [AnalyticsTest.js] info: 321
2019-10-22 22:10:59 [AnalyticsTest.js] info: 322
2019-10-22 22:10:59 [AnalyticsTest.js] info: 323
2019-10-22 22:10:59 [AnalyticsTest.js] info: 324
2019-10-22 22:10:59 [AnalyticsTest.js] info: 325
2019-10-22 22:10:59 [AnalyticsTest.js] info: 326
2019-10-22 22:11:00 [AnalyticsTest.js] info: 327
2019-10-22 22:11:00 [AnalyticsTest.js] info: 328
2019-10-22 22:11:00 [AnalyticsTest.js] info: 329
2019-10-22 22:11:00 [AnalyticsTest.js] info: 330
2019-10-22 22:11:00 [AnalyticsTest.js] info: 331
2019-10-22 22:11:00 [AnalyticsTest.js] info: 332
2019-10-22 22:11:00 [AnalyticsTest.js] info: 333
2019-10-22 22:11:00 [AnalyticsTest.js] info: 334
2019-10-22 22:11:00 [AnalyticsTest.js] info: 335
2019-10-22 22:11:00 [AnalyticsTest.js] info: 336
2019-10-22 22:11:00 [AnalyticsTest.js] info: 337
2019-10-22 22:11:00 [AnalyticsTest.js] info: 338
2019-10-22 22:11:00 [AnalyticsTest.js] info: 339
2019-10-22 22:11:00 [AnalyticsTest.js] info: 340
2019-10-22 22:11:00 [AnalyticsTest.js] info: 341
2019-10-22 22:11:00 [AnalyticsTest.js] info: 342
2019-10-22 22:11:00 [AnalyticsTest.js] info: 343
2019-10-22 22:11:01 [AnalyticsTest.js] info: 344
2019-10-22 22:11:01 [AnalyticsTest.js] info: 345
2019-10-22 22:11:01 [AnalyticsTest.js] info: 346
2019-10-22 22:11:01 [AnalyticsTest.js] info: 347
2019-10-22 22:11:01 [AnalyticsTest.js] info: 348
2019-10-22 22:11:01 [AnalyticsTest.js] info: 349
2019-10-22 22:11:01 [AnalyticsTest.js] info: 350
2019-10-22 22:11:01 [AnalyticsTest.js] info: 351
2019-10-22 22:11:01 [AnalyticsTest.js] info: 352
2019-10-22 22:11:01 [AnalyticsTest.js] info: 353
2019-10-22 22:11:01 [AnalyticsTest.js] info: 354
2019-10-22 22:11:02 [AnalyticsTest.js] info: 355
2019-10-22 22:11:02 [AnalyticsTest.js] info: 356
2019-10-22 22:11:02 [AnalyticsTest.js] info: 357
2019-10-22 22:11:02 [AnalyticsTest.js] info: 358
2019-10-22 22:11:02 [AnalyticsTest.js] info: 359
2019-10-22 22:11:02 [AnalyticsTest.js] info: 360
2019-10-22 22:11:02 [AnalyticsTest.js] info: 361
2019-10-22 22:11:02 [AnalyticsTest.js] info: 362
2019-10-22 22:11:02 [AnalyticsTest.js] info: 363
2019-10-22 22:11:02 [AnalyticsTest.js] info: 364
2019-10-22 22:11:03 [AnalyticsTest.js] info: 365
2019-10-22 22:11:03 [AnalyticsTest.js] info: 366
2019-10-22 22:11:03 [AnalyticsTest.js] info: 367
2019-10-22 22:11:03 [AnalyticsTest.js] info: 368
2019-10-22 22:11:03 [AnalyticsTest.js] info: 369
2019-10-22 22:11:03 [AnalyticsTest.js] info: 370
2019-10-22 22:11:04 [AnalyticsTest.js] info: 371
2019-10-22 22:11:04 [AnalyticsTest.js] info: 372
2019-10-22 22:11:04 [AnalyticsTest.js] info: 373
2019-10-22 22:11:04 [AnalyticsTest.js] info: 374
2019-10-22 22:11:04 [AnalyticsTest.js] info: 375
2019-10-22 22:11:04 [AnalyticsTest.js] info: 376
2019-10-22 22:11:04 [AnalyticsTest.js] info: 377
2019-10-22 22:11:05 [AnalyticsTest.js] info: 378
2019-10-22 22:11:05 [AnalyticsTest.js] info: 379
2019-10-22 22:11:05 [AnalyticsTest.js] info: 380
2019-10-22 22:11:05 [AnalyticsTest.js] info: 381
2019-10-22 22:11:05 [AnalyticsTest.js] info: 382
2019-10-22 22:11:05 [AnalyticsTest.js] info: 383
2019-10-22 22:11:05 [AnalyticsTest.js] info: 384
2019-10-22 22:11:05 [AnalyticsTest.js] info: 385
2019-10-22 22:11:05 [AnalyticsTest.js] info: 386
2019-10-22 22:11:06 [AnalyticsTest.js] info: 387
2019-10-22 22:11:06 [AnalyticsTest.js] info: 388
2019-10-22 22:11:06 [AnalyticsTest.js] info: 389
2019-10-22 22:11:06 [AnalyticsTest.js] info: 390
2019-10-22 22:11:06 [AnalyticsTest.js] info: 391
2019-10-22 22:11:06 [AnalyticsTest.js] info: 392
2019-10-22 22:11:07 [AnalyticsTest.js] info: 393
2019-10-22 22:11:07 [AnalyticsTest.js] info: 394
2019-10-22 22:11:07 [AnalyticsTest.js] info: 395
2019-10-22 22:11:07 [AnalyticsTest.js] info: 396
2019-10-22 22:11:07 [AnalyticsTest.js] info: 397
2019-10-22 22:11:07 [AnalyticsTest.js] info: 398
2019-10-22 22:11:07 [AnalyticsTest.js] info: 399
2019-10-22 22:11:07 [AnalyticsTest.js] info: 400
2019-10-22 22:11:07 [AnalyticsTest.js] info: 401
2019-10-22 22:11:07 [AnalyticsTest.js] info: 402
2019-10-22 22:11:08 [AnalyticsTest.js] info: 403
2019-10-22 22:11:08 [AnalyticsTest.js] info: 404
2019-10-22 22:11:08 [AnalyticsTest.js] info: 405
2019-10-22 22:11:08 [AnalyticsTest.js] info: 406
2019-10-22 22:11:08 [AnalyticsTest.js] info: 407
2019-10-22 22:11:08 [AnalyticsTest.js] info: 408
2019-10-22 22:11:08 [AnalyticsTest.js] info: 409
2019-10-22 22:11:08 [AnalyticsTest.js] info: 410
2019-10-22 22:11:08 [AnalyticsTest.js] info: 411
2019-10-22 22:11:08 [AnalyticsTest.js] info: 412
2019-10-22 22:11:08 [AnalyticsTest.js] info: 413
2019-10-22 22:11:08 [AnalyticsTest.js] info: 414
2019-10-22 22:11:09 [AnalyticsTest.js] info: 415
2019-10-22 22:11:09 [AnalyticsTest.js] info: 416
2019-10-22 22:11:09 [AnalyticsTest.js] info: 417
2019-10-22 22:11:09 [AnalyticsTest.js] info: 418
2019-10-22 22:11:09 [AnalyticsTest.js] info: 419
2019-10-22 22:11:09 [AnalyticsTest.js] info: 420
2019-10-22 22:11:09 [AnalyticsTest.js] info: 421
2019-10-22 22:11:09 [AnalyticsTest.js] info: 422
2019-10-22 22:11:09 [AnalyticsTest.js] info: 423
2019-10-22 22:11:09 [AnalyticsTest.js] info: 424
2019-10-22 22:11:09 [AnalyticsTest.js] info: 425
2019-10-22 22:11:09 [AnalyticsTest.js] info: 426
2019-10-22 22:11:10 [AnalyticsTest.js] info: 427
2019-10-22 22:11:10 [AnalyticsTest.js] info: 428
2019-10-22 22:11:10 [AnalyticsTest.js] info: 429
2019-10-22 22:11:10 [AnalyticsTest.js] info: 430
2019-10-22 22:11:10 [AnalyticsTest.js] info: 431
2019-10-22 22:11:10 [AnalyticsTest.js] info: 432
2019-10-22 22:11:10 [AnalyticsTest.js] info: 433
2019-10-22 22:11:10 [AnalyticsTest.js] info: 434
2019-10-22 22:11:10 [AnalyticsTest.js] info: 435
2019-10-22 22:11:10 [AnalyticsTest.js] info: 436
2019-10-22 22:11:10 [AnalyticsTest.js] info: 437
2019-10-22 22:11:11 [AnalyticsTest.js] info: 438
2019-10-22 22:11:11 [AnalyticsTest.js] info: 439
2019-10-22 22:11:11 [AnalyticsTest.js] info: 440
2019-10-22 22:11:11 [AnalyticsTest.js] info: 441
2019-10-22 22:11:11 [AnalyticsTest.js] info: 442
2019-10-22 22:11:11 [AnalyticsTest.js] info: 443
2019-10-22 22:11:12 [AnalyticsTest.js] info: 444
2019-10-22 22:11:12 [AnalyticsTest.js] info: 445
2019-10-22 22:11:12 [AnalyticsTest.js] info: 446
2019-10-22 22:11:12 [AnalyticsTest.js] info: 447
2019-10-22 22:11:12 [AnalyticsTest.js] info: 448
2019-10-22 22:11:12 [AnalyticsTest.js] info: 449
2019-10-22 22:11:12 [AnalyticsTest.js] info: 450
2019-10-22 22:11:12 [AnalyticsTest.js] info: 451
2019-10-22 22:11:12 [AnalyticsTest.js] info: 452
2019-10-22 22:11:12 [AnalyticsTest.js] info: 453
2019-10-22 22:11:13 [AnalyticsTest.js] info: 454
2019-10-22 22:11:13 [AnalyticsTest.js] info: 455
2019-10-22 22:11:13 [AnalyticsTest.js] info: 456
2019-10-22 22:11:13 [AnalyticsTest.js] info: 457
2019-10-22 22:11:13 [AnalyticsTest.js] info: 458
2019-10-22 22:11:13 [AnalyticsTest.js] info: 459
2019-10-22 22:11:13 [AnalyticsTest.js] info: 460
2019-10-22 22:11:14 [AnalyticsTest.js] info: 461
2019-10-22 22:11:14 [AnalyticsTest.js] info: 462
2019-10-22 22:11:14 [AnalyticsTest.js] info: 463
2019-10-22 22:11:14 [AnalyticsTest.js] info: 464
2019-10-22 22:11:14 [AnalyticsTest.js] info: 465
2019-10-22 22:11:14 [AnalyticsTest.js] info: 466
2019-10-22 22:11:14 [AnalyticsTest.js] info: 467
2019-10-22 22:11:14 [AnalyticsTest.js] info: 468
2019-10-22 22:11:15 [AnalyticsTest.js] info: 469
2019-10-22 22:11:15 [AnalyticsTest.js] info: 470
2019-10-22 22:11:15 [AnalyticsTest.js] info: 471
2019-10-22 22:11:15 [AnalyticsTest.js] info: 472
2019-10-22 22:11:15 [AnalyticsTest.js] info: 473
2019-10-22 22:11:15 [AnalyticsTest.js] info: 474
2019-10-22 22:11:15 [AnalyticsTest.js] info: 475
2019-10-22 22:11:15 [AnalyticsTest.js] info: 476
2019-10-22 22:11:16 [AnalyticsTest.js] info: 477
2019-10-22 22:11:16 [AnalyticsTest.js] info: 478
2019-10-22 22:11:16 [AnalyticsTest.js] info: 479
2019-10-22 22:11:16 [AnalyticsTest.js] info: 480
2019-10-22 22:11:16 [AnalyticsTest.js] info: 481
2019-10-22 22:11:16 [AnalyticsTest.js] info: 482
2019-10-22 22:11:17 [AnalyticsTest.js] info: 483
2019-10-22 22:11:17 [AnalyticsTest.js] info: 484
2019-10-22 22:11:17 [AnalyticsTest.js] info: 485
2019-10-22 22:11:17 [AnalyticsTest.js] info: 486
2019-10-22 22:11:17 [AnalyticsTest.js] info: 487
2019-10-22 22:11:17 [AnalyticsTest.js] info: 488
2019-10-22 22:11:17 [AnalyticsTest.js] info: 489
2019-10-22 22:11:17 [AnalyticsTest.js] info: 490
2019-10-22 22:11:17 [AnalyticsTest.js] info: 491
2019-10-22 22:11:17 [AnalyticsTest.js] info: 492
2019-10-22 22:11:18 [AnalyticsTest.js] info: 493
2019-10-22 22:11:18 [AnalyticsTest.js] info: 494
2019-10-22 22:11:18 [AnalyticsTest.js] info: 495
2019-10-22 22:11:18 [AnalyticsTest.js] info: 496
2019-10-22 22:11:18 [AnalyticsTest.js] info: 497
2019-10-22 22:11:18 [AnalyticsTest.js] info: 498
2019-10-22 22:11:19 [AnalyticsTest.js] info: 499
2019-10-22 22:11:19 [AnalyticsTest.js] info: 500
2019-10-22 22:11:19 [AnalyticsTest.js] info: 501
2019-10-22 22:11:19 [AnalyticsTest.js] info: 502
2019-10-22 22:11:19 [AnalyticsTest.js] info: 503
2019-10-22 22:11:19 [AnalyticsTest.js] info: 504
2019-10-22 22:11:19 [AnalyticsTest.js] info: 505
2019-10-22 22:11:19 [AnalyticsTest.js] info: 506
2019-10-22 22:11:19 [AnalyticsTest.js] info: 507
2019-10-22 22:11:20 [AnalyticsTest.js] info: 508
2019-10-22 22:11:20 [AnalyticsTest.js] info: 509
2019-10-22 22:11:20 [AnalyticsTest.js] info: 510
2019-10-22 22:11:20 [AnalyticsTest.js] info: 511
2019-10-22 22:11:20 [AnalyticsTest.js] info: 512
2019-10-22 22:11:20 [AnalyticsTest.js] info: 513
2019-10-22 22:11:20 [AnalyticsTest.js] info: 514
2019-10-22 22:11:20 [AnalyticsTest.js] info: 515
2019-10-22 22:11:20 [AnalyticsTest.js] info: 516
2019-10-22 22:11:20 [AnalyticsTest.js] info: 517
2019-10-22 22:11:21 [AnalyticsTest.js] info: 518
2019-10-22 22:11:21 [AnalyticsTest.js] info: 519
2019-10-22 22:11:21 [AnalyticsTest.js] info: 520
2019-10-22 22:11:21 [AnalyticsTest.js] info: 521
2019-10-22 22:11:21 [AnalyticsTest.js] info: 522
2019-10-22 22:11:21 [AnalyticsTest.js] info: 523
2019-10-22 22:11:22 [AnalyticsTest.js] info: 524
2019-10-22 22:11:22 [AnalyticsTest.js] info: 525
2019-10-22 22:11:22 [AnalyticsTest.js] info: 526
2019-10-22 22:11:22 [AnalyticsTest.js] info: 527
2019-10-22 22:11:22 [AnalyticsTest.js] info: 528
2019-10-22 22:11:22 [AnalyticsTest.js] info: 529
2019-10-22 22:11:22 [AnalyticsTest.js] info: 530
2019-10-22 22:11:22 [AnalyticsTest.js] info: 531
2019-10-22 22:11:22 [AnalyticsTest.js] info: 532
2019-10-22 22:11:22 [AnalyticsTest.js] info: 533
2019-10-22 22:11:23 [AnalyticsTest.js] info: 534
2019-10-22 22:11:23 [AnalyticsTest.js] info: 535
2019-10-22 22:11:23 [AnalyticsTest.js] info: 536
2019-10-22 22:11:23 [AnalyticsTest.js] info: 537
2019-10-22 22:11:23 [AnalyticsTest.js] info: 538
2019-10-22 22:11:23 [AnalyticsTest.js] info: 539
2019-10-22 22:11:24 [AnalyticsTest.js] info: 540
2019-10-22 22:11:24 [AnalyticsTest.js] info: 541
2019-10-22 22:11:24 [AnalyticsTest.js] info: 542
2019-10-22 22:11:24 [AnalyticsTest.js] info: 543
2019-10-22 22:11:24 [AnalyticsTest.js] info: 544
2019-10-22 22:11:24 [AnalyticsTest.js] info: 545
2019-10-22 22:11:24 [AnalyticsTest.js] info: 546
2019-10-22 22:11:25 [AnalyticsTest.js] info: 547
2019-10-22 22:11:25 [AnalyticsTest.js] info: 548
2019-10-22 22:11:25 [AnalyticsTest.js] info: 549
2019-10-22 22:11:25 [AnalyticsTest.js] info: 550
2019-10-22 22:11:25 [AnalyticsTest.js] info: 551
2019-10-22 22:11:25 [AnalyticsTest.js] info: 552
2019-10-22 22:11:25 [AnalyticsTest.js] info: 553
2019-10-22 22:11:25 [AnalyticsTest.js] info: 554
2019-10-22 22:11:25 [AnalyticsTest.js] info: 555
2019-10-22 22:11:25 [AnalyticsTest.js] info: 556
2019-10-22 22:11:26 [AnalyticsTest.js] info: 557
2019-10-22 22:11:26 [AnalyticsTest.js] info: 558
2019-10-22 22:11:26 [AnalyticsTest.js] info: 559
2019-10-22 22:11:26 [AnalyticsTest.js] info: 560
2019-10-22 22:11:26 [AnalyticsTest.js] info: 561
2019-10-22 22:11:26 [AnalyticsTest.js] info: 562
2019-10-22 22:11:27 [AnalyticsTest.js] info: 563
2019-10-22 22:11:27 [AnalyticsTest.js] info: 564
2019-10-22 22:11:27 [AnalyticsTest.js] info: 565
2019-10-22 22:11:27 [AnalyticsTest.js] info: 566
2019-10-22 22:11:27 [AnalyticsTest.js] info: 567
2019-10-22 22:11:27 [AnalyticsTest.js] info: 568
2019-10-22 22:11:27 [AnalyticsTest.js] info: 569
2019-10-22 22:11:27 [AnalyticsTest.js] info: 570
2019-10-22 22:11:27 [AnalyticsTest.js] info: 571
2019-10-22 22:11:27 [AnalyticsTest.js] info: 572
2019-10-22 22:11:28 [AnalyticsTest.js] info: 573
2019-10-22 22:11:28 [AnalyticsTest.js] info: 574
2019-10-22 22:11:28 [AnalyticsTest.js] info: 575
2019-10-22 22:11:28 [AnalyticsTest.js] info: 576
2019-10-22 22:11:28 [AnalyticsTest.js] info: 577
2019-10-22 22:11:28 [AnalyticsTest.js] info: 578
2019-10-22 22:11:29 [AnalyticsTest.js] info: 579
2019-10-22 22:11:29 [AnalyticsTest.js] info: 580
2019-10-22 22:11:29 [AnalyticsTest.js] info: 581
2019-10-22 22:11:29 [AnalyticsTest.js] info: 582
2019-10-22 22:11:29 [AnalyticsTest.js] info: 583
2019-10-22 22:11:29 [AnalyticsTest.js] info: 584
2019-10-22 22:11:29 [AnalyticsTest.js] info: 585
2019-10-22 22:11:30 [AnalyticsTest.js] info: 586
2019-10-22 22:11:30 [AnalyticsTest.js] info: 587
2019-10-22 22:11:30 [AnalyticsTest.js] info: 588
2019-10-22 22:11:30 [AnalyticsTest.js] info: 589
2019-10-22 22:11:30 [AnalyticsTest.js] info: 590
2019-10-22 22:11:30 [AnalyticsTest.js] info: 591
2019-10-22 22:11:30 [AnalyticsTest.js] info: 592
2019-10-22 22:11:30 [AnalyticsTest.js] info: 593
2019-10-22 22:11:30 [AnalyticsTest.js] info: 594
2019-10-22 22:11:31 [AnalyticsTest.js] info: 595
2019-10-22 22:11:31 [AnalyticsTest.js] info: 596
2019-10-22 22:11:31 [AnalyticsTest.js] info: 597
2019-10-22 22:11:31 [AnalyticsTest.js] info: 598
2019-10-22 22:11:31 [AnalyticsTest.js] info: 599
2019-10-22 22:11:31 [AnalyticsTest.js] info: 600
2019-10-22 22:11:32 [AnalyticsTest.js] info: 601
2019-10-22 22:11:32 [AnalyticsTest.js] info: 602
2019-10-22 22:11:32 [AnalyticsTest.js] info: 603
2019-10-22 22:11:32 [AnalyticsTest.js] info: 604
2019-10-22 22:11:32 [AnalyticsTest.js] info: 605
2019-10-22 22:11:32 [AnalyticsTest.js] info: 606
2019-10-22 22:11:32 [AnalyticsTest.js] info: 607
2019-10-22 22:11:32 [AnalyticsTest.js] info: 608
2019-10-22 22:11:32 [AnalyticsTest.js] info: 609
2019-10-22 22:11:32 [AnalyticsTest.js] info: 610
2019-10-22 22:11:32 [AnalyticsTest.js] info: 611
2019-10-22 22:11:37 [AnalyticsTest.js] info: the user update successfully
2019-10-22 22:11:39 [AnalyticsTest.js] info: 0
2019-10-22 22:11:39 [AnalyticsTest.js] warn: Analytics Outstanding Clients Param not work as Expected
2019-10-22 22:15:42 [AnalyticsTest.js] warn: this is Test to check Analytics emails Param
2019-10-22 22:16:09 [AnalyticsTest.js] info: 0
2019-10-22 22:16:14 [AnalyticsTest.js] info: 0
2019-10-22 22:16:14 [AnalyticsTest.js] warn: Analytics Emails Send Param not work as Expected
2019-10-22 22:16:33 [AnalyticsTest.js] warn: this is Test to check Analytics emails Param
2019-10-22 22:17:04 [AnalyticsTest.js] info: 1
2019-10-22 22:17:05 [AnalyticsTest.js] info: 2
2019-10-22 22:17:05 [AnalyticsTest.js] info: 3
2019-10-22 22:17:05 [AnalyticsTest.js] info: 4
2019-10-22 22:17:05 [AnalyticsTest.js] info: 5
2019-10-22 22:17:05 [AnalyticsTest.js] info: 6
2019-10-22 22:17:05 [AnalyticsTest.js] info: 7
2019-10-22 22:17:05 [AnalyticsTest.js] info: 8
2019-10-22 22:17:05 [AnalyticsTest.js] info: 9
2019-10-22 22:17:05 [AnalyticsTest.js] info: 10
2019-10-22 22:17:05 [AnalyticsTest.js] info: 11
2019-10-22 22:17:06 [AnalyticsTest.js] info: 12
2019-10-22 22:17:06 [AnalyticsTest.js] info: 13
2019-10-22 22:17:06 [AnalyticsTest.js] info: 14
2019-10-22 22:17:06 [AnalyticsTest.js] info: 15
2019-10-22 22:17:06 [AnalyticsTest.js] info: 16
2019-10-22 22:17:06 [AnalyticsTest.js] info: 17
2019-10-22 22:17:07 [AnalyticsTest.js] info: 18
2019-10-22 22:17:07 [AnalyticsTest.js] info: 19
2019-10-22 22:17:07 [AnalyticsTest.js] info: 20
2019-10-22 22:17:07 [AnalyticsTest.js] info: 21
2019-10-22 22:17:07 [AnalyticsTest.js] info: 22
2019-10-22 22:17:07 [AnalyticsTest.js] info: 23
2019-10-22 22:17:07 [AnalyticsTest.js] info: 24
2019-10-22 22:17:07 [AnalyticsTest.js] info: 25
2019-10-22 22:17:07 [AnalyticsTest.js] info: 26
2019-10-22 22:17:08 [AnalyticsTest.js] info: 27
2019-10-22 22:17:08 [AnalyticsTest.js] info: 28
2019-10-22 22:17:08 [AnalyticsTest.js] info: 29
2019-10-22 22:17:08 [AnalyticsTest.js] info: 30
2019-10-22 22:17:08 [AnalyticsTest.js] info: 31
2019-10-22 22:17:08 [AnalyticsTest.js] info: 32
2019-10-22 22:17:08 [AnalyticsTest.js] info: 33
2019-10-22 22:17:09 [AnalyticsTest.js] info: 34
2019-10-22 22:17:09 [AnalyticsTest.js] info: 35
2019-10-22 22:17:09 [AnalyticsTest.js] info: 36
2019-10-22 22:17:09 [AnalyticsTest.js] info: 37
2019-10-22 22:17:09 [AnalyticsTest.js] info: 38
2019-10-22 22:17:09 [AnalyticsTest.js] info: 39
2019-10-22 22:17:10 [AnalyticsTest.js] info: 40
2019-10-22 22:17:10 [AnalyticsTest.js] info: 41
2019-10-22 22:17:10 [AnalyticsTest.js] info: 42
2019-10-22 22:17:10 [AnalyticsTest.js] info: 43
2019-10-22 22:17:10 [AnalyticsTest.js] info: 44
2019-10-22 22:17:10 [AnalyticsTest.js] info: 45
2019-10-22 22:17:10 [AnalyticsTest.js] info: 46
2019-10-22 22:17:10 [AnalyticsTest.js] info: 47
2019-10-22 22:17:10 [AnalyticsTest.js] info: 48
2019-10-22 22:17:11 [AnalyticsTest.js] info: 49
2019-10-22 22:17:11 [AnalyticsTest.js] info: 50
2019-10-22 22:17:11 [AnalyticsTest.js] info: 51
2019-10-22 22:17:11 [AnalyticsTest.js] info: 52
2019-10-22 22:17:11 [AnalyticsTest.js] info: 53
2019-10-22 22:17:11 [AnalyticsTest.js] info: 54
2019-10-22 22:17:12 [AnalyticsTest.js] info: 55
2019-10-22 22:17:12 [AnalyticsTest.js] info: 56
2019-10-22 22:17:12 [AnalyticsTest.js] info: 57
2019-10-22 22:17:12 [AnalyticsTest.js] info: 58
2019-10-22 22:17:12 [AnalyticsTest.js] info: 59
2019-10-22 22:17:12 [AnalyticsTest.js] info: 60
2019-10-22 22:17:12 [AnalyticsTest.js] info: 61
2019-10-22 22:17:12 [AnalyticsTest.js] info: 62
2019-10-22 22:17:12 [AnalyticsTest.js] info: 63
2019-10-22 22:17:12 [AnalyticsTest.js] info: 64
2019-10-22 22:17:13 [AnalyticsTest.js] info: 65
2019-10-22 22:17:13 [AnalyticsTest.js] info: 66
2019-10-22 22:17:13 [AnalyticsTest.js] info: 67
2019-10-22 22:17:13 [AnalyticsTest.js] info: 68
2019-10-22 22:17:13 [AnalyticsTest.js] info: 69
2019-10-22 22:17:15 [AnalyticsTest.js] info: 1
2019-10-22 22:17:15 [AnalyticsTest.js] info: 2
2019-10-22 22:17:15 [AnalyticsTest.js] info: 3
2019-10-22 22:17:15 [AnalyticsTest.js] info: 4
2019-10-22 22:17:15 [AnalyticsTest.js] info: 5
2019-10-22 22:17:16 [AnalyticsTest.js] info: 6
2019-10-22 22:17:16 [AnalyticsTest.js] info: 7
2019-10-22 22:17:16 [AnalyticsTest.js] info: 8
2019-10-22 22:17:16 [AnalyticsTest.js] info: 9
2019-10-22 22:17:16 [AnalyticsTest.js] info: 10
2019-10-22 22:17:16 [AnalyticsTest.js] info: 11
2019-10-22 22:17:16 [AnalyticsTest.js] info: 12
2019-10-22 22:17:16 [AnalyticsTest.js] info: 13
2019-10-22 22:17:17 [AnalyticsTest.js] info: 14
2019-10-22 22:17:17 [AnalyticsTest.js] info: 15
2019-10-22 22:17:17 [AnalyticsTest.js] info: 16
2019-10-22 22:17:17 [AnalyticsTest.js] info: 17
2019-10-22 22:17:17 [AnalyticsTest.js] info: 18
2019-10-22 22:17:17 [AnalyticsTest.js] info: 19
2019-10-22 22:17:17 [AnalyticsTest.js] info: 20
2019-10-22 22:17:17 [AnalyticsTest.js] info: 21
2019-10-22 22:17:18 [AnalyticsTest.js] info: 22
2019-10-22 22:17:18 [AnalyticsTest.js] info: 23
2019-10-22 22:17:18 [AnalyticsTest.js] info: 24
2019-10-22 22:17:18 [AnalyticsTest.js] info: 25
2019-10-22 22:17:18 [AnalyticsTest.js] info: 26
2019-10-22 22:17:18 [AnalyticsTest.js] info: 27
2019-10-22 22:17:19 [AnalyticsTest.js] info: 28
2019-10-22 22:17:19 [AnalyticsTest.js] info: 29
2019-10-22 22:17:19 [AnalyticsTest.js] info: 30
2019-10-22 22:17:19 [AnalyticsTest.js] info: 31
2019-10-22 22:17:19 [AnalyticsTest.js] info: 32
2019-10-22 22:17:19 [AnalyticsTest.js] info: 33
2019-10-22 22:17:19 [AnalyticsTest.js] info: 34
2019-10-22 22:17:19 [AnalyticsTest.js] info: 35
2019-10-22 22:17:19 [AnalyticsTest.js] info: 36
2019-10-22 22:17:19 [AnalyticsTest.js] info: 37
2019-10-22 22:17:19 [AnalyticsTest.js] info: 38
2019-10-22 22:17:19 [AnalyticsTest.js] info: 39
2019-10-22 22:17:20 [AnalyticsTest.js] info: 40
2019-10-22 22:17:20 [AnalyticsTest.js] info: 41
2019-10-22 22:17:20 [AnalyticsTest.js] info: 42
2019-10-22 22:17:20 [AnalyticsTest.js] info: 43
2019-10-22 22:17:20 [AnalyticsTest.js] info: 44
2019-10-22 22:17:20 [AnalyticsTest.js] info: 45
2019-10-22 22:17:20 [AnalyticsTest.js] info: 46
2019-10-22 22:17:20 [AnalyticsTest.js] info: 47
2019-10-22 22:17:20 [AnalyticsTest.js] info: 48
2019-10-22 22:17:20 [AnalyticsTest.js] info: 49
2019-10-22 22:17:20 [AnalyticsTest.js] info: 50
2019-10-22 22:17:20 [AnalyticsTest.js] info: 51
2019-10-22 22:17:20 [AnalyticsTest.js] info: 52
2019-10-22 22:17:20 [AnalyticsTest.js] info: 53
2019-10-22 22:17:20 [AnalyticsTest.js] info: 54
2019-10-22 22:17:20 [AnalyticsTest.js] info: 55
2019-10-22 22:17:20 [AnalyticsTest.js] info: 56
2019-10-22 22:17:20 [AnalyticsTest.js] info: 57
2019-10-22 22:17:20 [AnalyticsTest.js] info: 58
2019-10-22 22:17:20 [AnalyticsTest.js] info: 59
2019-10-22 22:17:20 [AnalyticsTest.js] info: 60
2019-10-22 22:17:20 [AnalyticsTest.js] info: 61
2019-10-22 22:17:20 [AnalyticsTest.js] info: 62
2019-10-22 22:17:20 [AnalyticsTest.js] info: 63
2019-10-22 22:17:20 [AnalyticsTest.js] info: 64
2019-10-22 22:17:21 [AnalyticsTest.js] info: 65
2019-10-22 22:17:21 [AnalyticsTest.js] info: 66
2019-10-22 22:17:21 [AnalyticsTest.js] info: 67
2019-10-22 22:17:21 [AnalyticsTest.js] info: 68
2019-10-22 22:17:21 [AnalyticsTest.js] info: 69
2019-10-22 22:17:21 [AnalyticsTest.js] info: 70
2019-10-22 22:17:21 [AnalyticsTest.js] info: 71
2019-10-22 22:17:21 [AnalyticsTest.js] info: 72
2019-10-22 22:17:21 [AnalyticsTest.js] info: 73
2019-10-22 22:17:21 [AnalyticsTest.js] info: 74
2019-10-22 22:17:21 [AnalyticsTest.js] info: 75
2019-10-22 22:17:21 [AnalyticsTest.js] info: 76
2019-10-22 22:17:21 [AnalyticsTest.js] info: 77
2019-10-22 22:17:21 [AnalyticsTest.js] info: 78
2019-10-22 22:17:21 [AnalyticsTest.js] info: 79
2019-10-22 22:17:21 [AnalyticsTest.js] info: 80
2019-10-22 22:17:21 [AnalyticsTest.js] info: 81
2019-10-22 22:17:21 [AnalyticsTest.js] info: 82
2019-10-22 22:17:21 [AnalyticsTest.js] info: 83
2019-10-22 22:17:21 [AnalyticsTest.js] info: 84
2019-10-22 22:17:21 [AnalyticsTest.js] info: 85
2019-10-22 22:17:21 [AnalyticsTest.js] info: 86
2019-10-22 22:17:21 [AnalyticsTest.js] info: 87
2019-10-22 22:17:21 [AnalyticsTest.js] info: 88
2019-10-22 22:17:21 [AnalyticsTest.js] info: 89
2019-10-22 22:17:21 [AnalyticsTest.js] info: 90
2019-10-22 22:17:22 [AnalyticsTest.js] info: 91
2019-10-22 22:17:22 [AnalyticsTest.js] info: 92
2019-10-22 22:17:22 [AnalyticsTest.js] info: 93
2019-10-22 22:17:22 [AnalyticsTest.js] info: 94
2019-10-22 22:17:22 [AnalyticsTest.js] info: 95
2019-10-22 22:17:22 [AnalyticsTest.js] info: 96
2019-10-22 22:17:22 [AnalyticsTest.js] info: 97
2019-10-22 22:17:22 [AnalyticsTest.js] info: 98
2019-10-22 22:17:22 [AnalyticsTest.js] info: 99
2019-10-22 22:17:22 [AnalyticsTest.js] info: 100
2019-10-22 22:17:22 [AnalyticsTest.js] info: 101
2019-10-22 22:17:22 [AnalyticsTest.js] info: 102
2019-10-22 22:17:22 [AnalyticsTest.js] info: 103
2019-10-22 22:17:22 [AnalyticsTest.js] info: 104
2019-10-22 22:17:22 [AnalyticsTest.js] info: 105
2019-10-22 22:17:22 [AnalyticsTest.js] info: 106
2019-10-22 22:17:22 [AnalyticsTest.js] info: 107
2019-10-22 22:17:22 [AnalyticsTest.js] info: 108
2019-10-22 22:17:22 [AnalyticsTest.js] info: 109
2019-10-22 22:17:22 [AnalyticsTest.js] info: 110
2019-10-22 22:17:22 [AnalyticsTest.js] info: 111
2019-10-22 22:17:22 [AnalyticsTest.js] info: 112
2019-10-22 22:17:22 [AnalyticsTest.js] info: 113
2019-10-22 22:17:23 [AnalyticsTest.js] info: 114
2019-10-22 22:17:23 [AnalyticsTest.js] info: 115
2019-10-22 22:17:23 [AnalyticsTest.js] info: 116
2019-10-22 22:17:23 [AnalyticsTest.js] info: 117
2019-10-22 22:17:23 [AnalyticsTest.js] info: 118
2019-10-22 22:17:23 [AnalyticsTest.js] info: 119
2019-10-22 22:17:23 [AnalyticsTest.js] info: 120
2019-10-22 22:17:23 [AnalyticsTest.js] info: 121
2019-10-22 22:17:23 [AnalyticsTest.js] info: 122
2019-10-22 22:17:23 [AnalyticsTest.js] info: 123
2019-10-22 22:17:23 [AnalyticsTest.js] info: 124
2019-10-22 22:17:23 [AnalyticsTest.js] info: 125
2019-10-22 22:17:23 [AnalyticsTest.js] info: 126
2019-10-22 22:17:23 [AnalyticsTest.js] info: 127
2019-10-22 22:17:23 [AnalyticsTest.js] info: 128
2019-10-22 22:17:24 [AnalyticsTest.js] info: 129
2019-10-22 22:17:24 [AnalyticsTest.js] info: 130
2019-10-22 22:17:24 [AnalyticsTest.js] info: 131
2019-10-22 22:17:24 [AnalyticsTest.js] info: 132
2019-10-22 22:17:24 [AnalyticsTest.js] info: 133
2019-10-22 22:17:24 [AnalyticsTest.js] info: 134
2019-10-22 22:17:24 [AnalyticsTest.js] info: 135
2019-10-22 22:17:24 [AnalyticsTest.js] info: 136
2019-10-22 22:17:24 [AnalyticsTest.js] info: 137
2019-10-22 22:17:24 [AnalyticsTest.js] info: 138
2019-10-22 22:17:24 [AnalyticsTest.js] info: 139
2019-10-22 22:17:24 [AnalyticsTest.js] info: 140
2019-10-22 22:17:24 [AnalyticsTest.js] info: 141
2019-10-22 22:17:25 [AnalyticsTest.js] info: 142
2019-10-22 22:17:25 [AnalyticsTest.js] info: 143
2019-10-22 22:17:25 [AnalyticsTest.js] info: 144
2019-10-22 22:17:25 [AnalyticsTest.js] info: 145
2019-10-22 22:17:25 [AnalyticsTest.js] info: 146
2019-10-22 22:17:25 [AnalyticsTest.js] info: 147
2019-10-22 22:17:25 [AnalyticsTest.js] info: 148
2019-10-22 22:17:25 [AnalyticsTest.js] info: 149
2019-10-22 22:17:25 [AnalyticsTest.js] info: 150
2019-10-22 22:17:25 [AnalyticsTest.js] info: 151
2019-10-22 22:17:25 [AnalyticsTest.js] info: 152
2019-10-22 22:17:25 [AnalyticsTest.js] info: 153
2019-10-22 22:17:25 [AnalyticsTest.js] info: 154
2019-10-22 22:17:25 [AnalyticsTest.js] info: 155
2019-10-22 22:17:26 [AnalyticsTest.js] info: 156
2019-10-22 22:17:26 [AnalyticsTest.js] info: 157
2019-10-22 22:17:26 [AnalyticsTest.js] info: 158
2019-10-22 22:17:26 [AnalyticsTest.js] info: 159
2019-10-22 22:17:26 [AnalyticsTest.js] info: 160
2019-10-22 22:17:26 [AnalyticsTest.js] info: 161
2019-10-22 22:17:26 [AnalyticsTest.js] info: 162
2019-10-22 22:17:26 [AnalyticsTest.js] info: 163
2019-10-22 22:17:26 [AnalyticsTest.js] info: 164
2019-10-22 22:17:26 [AnalyticsTest.js] info: 165
2019-10-22 22:17:26 [AnalyticsTest.js] info: 166
2019-10-22 22:17:26 [AnalyticsTest.js] info: 167
2019-10-22 22:17:26 [AnalyticsTest.js] info: 168
2019-10-22 22:17:26 [AnalyticsTest.js] info: 169
2019-10-22 22:17:27 [AnalyticsTest.js] info: 170
2019-10-22 22:17:27 [AnalyticsTest.js] info: 171
2019-10-22 22:17:27 [AnalyticsTest.js] info: 172
2019-10-22 22:17:27 [AnalyticsTest.js] info: 173
2019-10-22 22:17:27 [AnalyticsTest.js] info: 174
2019-10-22 22:17:27 [AnalyticsTest.js] info: 175
2019-10-22 22:17:27 [AnalyticsTest.js] info: 176
2019-10-22 22:17:27 [AnalyticsTest.js] info: 177
2019-10-22 22:17:27 [AnalyticsTest.js] info: 178
2019-10-22 22:17:27 [AnalyticsTest.js] info: 179
2019-10-22 22:17:27 [AnalyticsTest.js] info: 180
2019-10-22 22:17:27 [AnalyticsTest.js] info: 181
2019-10-22 22:17:27 [AnalyticsTest.js] info: 182
2019-10-22 22:17:28 [AnalyticsTest.js] info: 183
2019-10-22 22:17:28 [AnalyticsTest.js] info: 184
2019-10-22 22:17:28 [AnalyticsTest.js] info: 185
2019-10-22 22:17:28 [AnalyticsTest.js] info: 186
2019-10-22 22:17:28 [AnalyticsTest.js] info: 187
2019-10-22 22:17:28 [AnalyticsTest.js] info: 188
2019-10-22 22:17:28 [AnalyticsTest.js] info: 189
2019-10-22 22:17:28 [AnalyticsTest.js] info: 190
2019-10-22 22:17:28 [AnalyticsTest.js] info: 191
2019-10-22 22:17:28 [AnalyticsTest.js] info: 192
2019-10-22 22:17:28 [AnalyticsTest.js] info: 193
2019-10-22 22:17:28 [AnalyticsTest.js] info: 194
2019-10-22 22:17:28 [AnalyticsTest.js] info: 195
2019-10-22 22:17:30 [AnalyticsTest.js] info: 1
2019-10-22 22:17:30 [AnalyticsTest.js] info: 2
2019-10-22 22:17:30 [AnalyticsTest.js] info: 3
2019-10-22 22:17:30 [AnalyticsTest.js] info: 4
2019-10-22 22:17:30 [AnalyticsTest.js] info: 5
2019-10-22 22:17:30 [AnalyticsTest.js] info: 6
2019-10-22 22:17:30 [AnalyticsTest.js] info: 7
2019-10-22 22:17:30 [AnalyticsTest.js] info: 8
2019-10-22 22:17:31 [AnalyticsTest.js] info: 9
2019-10-22 22:17:31 [AnalyticsTest.js] info: 10
2019-10-22 22:17:31 [AnalyticsTest.js] info: 11
2019-10-22 22:17:31 [AnalyticsTest.js] info: 12
2019-10-22 22:17:31 [AnalyticsTest.js] info: 13
2019-10-22 22:17:32 [AnalyticsTest.js] info: 14
2019-10-22 22:17:32 [AnalyticsTest.js] info: 15
2019-10-22 22:17:32 [AnalyticsTest.js] info: 16
2019-10-22 22:17:32 [AnalyticsTest.js] info: 17
2019-10-22 22:17:32 [AnalyticsTest.js] info: 18
2019-10-22 22:17:32 [AnalyticsTest.js] info: 19
2019-10-22 22:17:32 [AnalyticsTest.js] info: 20
2019-10-22 22:17:32 [AnalyticsTest.js] info: 21
2019-10-22 22:17:32 [AnalyticsTest.js] info: 22
2019-10-22 22:17:32 [AnalyticsTest.js] info: 23
2019-10-22 22:17:33 [AnalyticsTest.js] info: 24
2019-10-22 22:17:33 [AnalyticsTest.js] info: 25
2019-10-22 22:17:33 [AnalyticsTest.js] info: 26
2019-10-22 22:17:33 [AnalyticsTest.js] info: 27
2019-10-22 22:17:33 [AnalyticsTest.js] info: 28
2019-10-22 22:17:33 [AnalyticsTest.js] info: 29
2019-10-22 22:17:34 [AnalyticsTest.js] info: 30
2019-10-22 22:17:34 [AnalyticsTest.js] info: 31
2019-10-22 22:17:34 [AnalyticsTest.js] info: 32
2019-10-22 22:17:34 [AnalyticsTest.js] info: 33
2019-10-22 22:17:34 [AnalyticsTest.js] info: 34
2019-10-22 22:17:34 [AnalyticsTest.js] info: 35
2019-10-22 22:17:34 [AnalyticsTest.js] info: 36
2019-10-22 22:17:34 [AnalyticsTest.js] info: 37
2019-10-22 22:17:34 [AnalyticsTest.js] info: 38
2019-10-22 22:17:34 [AnalyticsTest.js] info: 39
2019-10-22 22:17:35 [AnalyticsTest.js] info: 40
2019-10-22 22:17:35 [AnalyticsTest.js] info: 41
2019-10-22 22:17:35 [AnalyticsTest.js] info: 42
2019-10-22 22:17:35 [AnalyticsTest.js] info: 43
2019-10-22 22:17:35 [AnalyticsTest.js] info: 44
2019-10-22 22:17:35 [AnalyticsTest.js] info: 45
2019-10-22 22:17:35 [AnalyticsTest.js] info: 46
2019-10-22 22:17:35 [AnalyticsTest.js] info: 47
2019-10-22 22:17:36 [AnalyticsTest.js] info: 48
2019-10-22 22:17:36 [AnalyticsTest.js] info: 49
2019-10-22 22:17:36 [AnalyticsTest.js] info: 50
2019-10-22 22:17:36 [AnalyticsTest.js] info: 51
2019-10-22 22:17:38 [AnalyticsTest.js] info: 1
2019-10-22 22:17:38 [AnalyticsTest.js] info: 2
2019-10-22 22:17:38 [AnalyticsTest.js] info: 3
2019-10-22 22:17:38 [AnalyticsTest.js] info: 4
2019-10-22 22:17:39 [AnalyticsTest.js] info: 5
2019-10-22 22:17:39 [AnalyticsTest.js] info: 6
2019-10-22 22:17:39 [AnalyticsTest.js] info: 7
2019-10-22 22:17:39 [AnalyticsTest.js] info: 8
2019-10-22 22:17:39 [AnalyticsTest.js] info: 9
2019-10-22 22:17:39 [AnalyticsTest.js] info: 10
2019-10-22 22:17:39 [AnalyticsTest.js] info: 11
2019-10-22 22:17:39 [AnalyticsTest.js] info: 12
2019-10-22 22:17:39 [AnalyticsTest.js] info: 13
2019-10-22 22:17:40 [AnalyticsTest.js] info: 14
2019-10-22 22:17:40 [AnalyticsTest.js] info: 15
2019-10-22 22:17:40 [AnalyticsTest.js] info: 16
2019-10-22 22:17:40 [AnalyticsTest.js] info: 17
2019-10-22 22:17:40 [AnalyticsTest.js] info: 18
2019-10-22 22:17:40 [AnalyticsTest.js] info: 19
2019-10-22 22:17:41 [AnalyticsTest.js] info: 20
2019-10-22 22:17:41 [AnalyticsTest.js] info: 21
2019-10-22 22:17:41 [AnalyticsTest.js] info: 22
2019-10-22 22:17:41 [AnalyticsTest.js] info: 23
2019-10-22 22:17:41 [AnalyticsTest.js] info: 24
2019-10-22 22:17:41 [AnalyticsTest.js] info: 25
2019-10-22 22:17:41 [AnalyticsTest.js] info: 26
2019-10-22 22:17:42 [AnalyticsTest.js] info: 27
2019-10-22 22:17:42 [AnalyticsTest.js] info: 28
2019-10-22 22:17:42 [AnalyticsTest.js] info: 29
2019-10-22 22:17:42 [AnalyticsTest.js] info: 30
2019-10-22 22:17:42 [AnalyticsTest.js] info: 31
2019-10-22 22:17:42 [AnalyticsTest.js] info: 32
2019-10-22 22:17:42 [AnalyticsTest.js] info: 33
2019-10-22 22:17:42 [AnalyticsTest.js] info: 34
2019-10-22 22:17:42 [AnalyticsTest.js] info: 35
2019-10-22 22:17:43 [AnalyticsTest.js] info: 36
2019-10-22 22:17:43 [AnalyticsTest.js] info: 37
2019-10-22 22:17:43 [AnalyticsTest.js] info: 38
2019-10-22 22:17:43 [AnalyticsTest.js] info: 39
2019-10-22 22:17:43 [AnalyticsTest.js] info: 40
2019-10-22 22:17:43 [AnalyticsTest.js] info: 41
2019-10-22 22:17:43 [AnalyticsTest.js] info: 42
2019-10-22 22:17:43 [AnalyticsTest.js] info: 43
2019-10-22 22:17:43 [AnalyticsTest.js] info: 44
2019-10-22 22:17:44 [AnalyticsTest.js] info: 45
2019-10-22 22:17:44 [AnalyticsTest.js] info: 46
2019-10-22 22:17:44 [AnalyticsTest.js] info: 47
2019-10-22 22:17:44 [AnalyticsTest.js] info: 48
2019-10-22 22:17:44 [AnalyticsTest.js] info: 49
2019-10-22 22:17:44 [AnalyticsTest.js] info: 50
2019-10-22 22:17:44 [AnalyticsTest.js] info: 51
2019-10-22 22:17:44 [AnalyticsTest.js] info: 52
2019-10-22 22:17:45 [AnalyticsTest.js] info: 53
2019-10-22 22:17:45 [AnalyticsTest.js] info: 54
2019-10-22 22:17:45 [AnalyticsTest.js] info: 55
2019-10-22 22:17:45 [AnalyticsTest.js] info: 56
2019-10-22 22:17:45 [AnalyticsTest.js] info: 57
2019-10-22 22:17:45 [AnalyticsTest.js] info: 58
2019-10-22 22:17:45 [AnalyticsTest.js] info: 59
2019-10-22 22:17:45 [AnalyticsTest.js] info: 60
2019-10-22 22:17:45 [AnalyticsTest.js] info: 61
2019-10-22 22:17:45 [AnalyticsTest.js] info: 62
2019-10-22 22:17:45 [AnalyticsTest.js] info: 63
2019-10-22 22:17:45 [AnalyticsTest.js] info: 64
2019-10-22 22:17:45 [AnalyticsTest.js] info: 65
2019-10-22 22:17:46 [AnalyticsTest.js] info: 66
2019-10-22 22:17:46 [AnalyticsTest.js] info: 67
2019-10-22 22:17:46 [AnalyticsTest.js] info: 68
2019-10-22 22:17:46 [AnalyticsTest.js] info: 69
2019-10-22 22:17:46 [AnalyticsTest.js] info: 70
2019-10-22 22:17:46 [AnalyticsTest.js] info: 71
2019-10-22 22:17:46 [AnalyticsTest.js] info: 72
2019-10-22 22:17:46 [AnalyticsTest.js] info: 73
2019-10-22 22:17:46 [AnalyticsTest.js] info: 74
2019-10-22 22:17:46 [AnalyticsTest.js] info: 75
2019-10-22 22:17:46 [AnalyticsTest.js] info: 76
2019-10-22 22:17:46 [AnalyticsTest.js] info: 77
2019-10-22 22:17:46 [AnalyticsTest.js] info: 78
2019-10-22 22:17:47 [AnalyticsTest.js] info: 79
2019-10-22 22:17:47 [AnalyticsTest.js] info: 80
2019-10-22 22:17:47 [AnalyticsTest.js] info: 81
2019-10-22 22:17:47 [AnalyticsTest.js] info: 82
2019-10-22 22:17:47 [AnalyticsTest.js] info: 83
2019-10-22 22:17:47 [AnalyticsTest.js] info: 84
2019-10-22 22:17:47 [AnalyticsTest.js] info: 85
2019-10-22 22:17:47 [AnalyticsTest.js] info: 86
2019-10-22 22:17:47 [AnalyticsTest.js] info: 87
2019-10-22 22:17:47 [AnalyticsTest.js] info: 88
2019-10-22 22:17:47 [AnalyticsTest.js] info: 89
2019-10-22 22:17:47 [AnalyticsTest.js] info: 90
2019-10-22 22:17:47 [AnalyticsTest.js] info: 91
2019-10-22 22:17:48 [AnalyticsTest.js] info: 92
2019-10-22 22:17:48 [AnalyticsTest.js] info: 93
2019-10-22 22:17:48 [AnalyticsTest.js] info: 94
2019-10-22 22:17:48 [AnalyticsTest.js] info: 95
2019-10-22 22:17:48 [AnalyticsTest.js] info: 96
2019-10-22 22:17:48 [AnalyticsTest.js] info: 97
2019-10-22 22:17:48 [AnalyticsTest.js] info: 98
2019-10-22 22:17:48 [AnalyticsTest.js] info: 99
2019-10-22 22:17:48 [AnalyticsTest.js] info: 414
2019-10-22 22:17:52 [AnalyticsTest.js] info: 0
2019-10-22 22:17:52 [AnalyticsTest.js] warn: Analytics Emails Send Param not work as Expected
